# JRE version: OpenJDK Runtime Environment (8.0_242) (build 1.8.0_242-release-1644-b3-6222593)
# Java VM: OpenJDK 64-Bit Server VM (25.242-b3-6222593 mixed mode linux-amd64 compressed oops)
Heap:
 PSYoungGen      total 544256K, used 544238K [0x00000000d5580000, 0x00000000fdc00000, 0x0000000100000000)
  eden space 458240K, 99% used [0x00000000d5580000,0x00000000f14fe9e0,0x00000000f1500000)
  from space 86016K, 99% used [0x00000000f7700000,0x00000000fcafd140,0x00000000fcb00000)
  to   space 100352K, 28% used [0x00000000f1500000,0x00000000f3076028,0x00000000f7700000)
 ParOldGen       total 148992K, used 116736K [0x0000000080000000, 0x0000000089180000, 0x00000000d5580000)
  object space 148992K, 78% used [0x0000000080000000,0x00000000872003c0,0x0000000089180000)
 Metaspace       used 92141K, capacity 97366K, committed 97432K, reserved 1134592K
  class space    used 12233K, capacity 13214K, committed 13232K, reserved 1048576K
GC Heap History (10 events):
Event: 30.565 GC heap after
Heap after GC invocations=23 (full 3):
 PSYoungGen      total 407040K, used 44435K [0x00000000d5580000, 0x00000000f2c00000, 0x0000000100000000)
  eden space 342528K, 0% used [0x00000000d5580000,0x00000000d5580000,0x00000000ea400000)
  from space 64512K, 68% used [0x00000000ee600000,0x00000000f1164c60,0x00000000f2500000)
  to   space 67584K, 0% used [0x00000000ea400000,0x00000000ea400000,0x00000000ee600000)
 ParOldGen       total 148992K, used 66367K [0x0000000080000000, 0x0000000089180000, 0x00000000d5580000)
  object space 148992K, 44% used [0x0000000080000000,0x00000000840cfd78,0x0000000089180000)
 Metaspace       used 76039K, capacity 80438K, committed 80664K, reserved 1118208K
  class space    used 10438K, capacity 11295K, committed 11312K, reserved 1048576K
}
Event: 32.880 GC heap before
{Heap before GC invocations=24 (full 3):
 PSYoungGen      total 407040K, used 386963K [0x00000000d5580000, 0x00000000f2c00000, 0x0000000100000000)
  eden space 342528K, 100% used [0x00000000d5580000,0x00000000ea400000,0x00000000ea400000)
  from space 64512K, 68% used [0x00000000ee600000,0x00000000f1164c60,0x00000000f2500000)
  to   space 67584K, 0% used [0x00000000ea400000,0x00000000ea400000,0x00000000ee600000)
 ParOldGen       total 148992K, used 66367K [0x0000000080000000, 0x0000000089180000, 0x00000000d5580000)
  object space 148992K, 44% used [0x0000000080000000,0x00000000840cfd78,0x0000000089180000)
 Metaspace       used 76296K, capacity 80788K, committed 81048K, reserved 1118208K
  class space    used 10474K, capacity 11338K, committed 11440K, reserved 1048576K
Event: 32.979 GC heap after
Heap after GC invocations=24 (full 3):
 PSYoungGen      total 410112K, used 26219K [0x00000000d5580000, 0x00000000f6680000, 0x0000000100000000)
  eden space 342528K, 0% used [0x00000000d5580000,0x00000000d5580000,0x00000000ea400000)
  from space 67584K, 38% used [0x00000000ea400000,0x00000000ebd9ae38,0x00000000ee600000)
  to   space 64000K, 0% used [0x00000000f2800000,0x00000000f2800000,0x00000000f6680000)
 ParOldGen       total 148992K, used 82468K [0x0000000080000000, 0x0000000089180000, 0x00000000d5580000)
  object space 148992K, 55% used [0x0000000080000000,0x0000000085089338,0x0000000089180000)
 Metaspace       used 76296K, capacity 80788K, committed 81048K, reserved 1118208K
  class space    used 10474K, capacity 11338K, committed 11440K, reserved 1048576K
}
Event: 36.750 GC heap before
{Heap before GC invocations=25 (full 3):
 PSYoungGen      total 410112K, used 368747K [0x00000000d5580000, 0x00000000f6680000, 0x0000000100000000)
  eden space 342528K, 100% used [0x00000000d5580000,0x00000000ea400000,0x00000000ea400000)
  from space 67584K, 38% used [0x00000000ea400000,0x00000000ebd9ae38,0x00000000ee600000)
  to   space 64000K, 0% used [0x00000000f2800000,0x00000000f2800000,0x00000000f6680000)
 ParOldGen       total 148992K, used 82468K [0x0000000080000000, 0x0000000089180000, 0x00000000d5580000)
  object space 148992K, 55% used [0x0000000080000000,0x0000000085089338,0x0000000089180000)
 Metaspace       used 78276K, capacity 83022K, committed 83096K, reserved 1120256K
  class space    used 10734K, capacity 11625K, committed 11696K, reserved 1048576K
Event: 36.935 GC heap after
Heap after GC invocations=25 (full 3):
 PSYoungGen      total 458752K, used 63974K [0x00000000d5580000, 0x00000000f8a80000, 0x0000000100000000)
  eden space 394752K, 0% used [0x00000000d5580000,0x00000000d5580000,0x00000000ed700000)
  from space 64000K, 99% used [0x00000000f2800000,0x00000000f6679b08,0x00000000f6680000)
  to   space 82944K, 0% used [0x00000000ed700000,0x00000000ed700000,0x00000000f2800000)
 ParOldGen       total 148992K, used 107460K [0x0000000080000000, 0x0000000089180000, 0x00000000d5580000)
  object space 148992K, 72% used [0x0000000080000000,0x00000000868f1000,0x0000000089180000)
 Metaspace       used 78276K, capacity 83022K, committed 83096K, reserved 1120256K
  class space    used 10734K, capacity 11625K, committed 11696K, reserved 1048576K
}
Event: 41.846 GC heap before
{Heap before GC invocations=26 (full 3):
 PSYoungGen      total 458752K, used 458726K [0x00000000d5580000, 0x00000000f8a80000, 0x0000000100000000)
  eden space 394752K, 100% used [0x00000000d5580000,0x00000000ed700000,0x00000000ed700000)
  from space 64000K, 99% used [0x00000000f2800000,0x00000000f6679b08,0x00000000f6680000)
  to   space 82944K, 0% used [0x00000000ed700000,0x00000000ed700000,0x00000000f2800000)
 ParOldGen       total 148992K, used 107460K [0x0000000080000000, 0x0000000089180000, 0x00000000d5580000)
  object space 148992K, 72% used [0x0000000080000000,0x00000000868f1000,0x0000000089180000)
 Metaspace       used 79803K, capacity 84542K, committed 84632K, reserved 1122304K
  class space    used 10941K, capacity 11889K, committed 11952K, reserved 1048576K
Event: 42.018 GC heap after
Heap after GC invocations=26 (full 3):
 PSYoungGen      total 477696K, used 56205K [0x00000000d5580000, 0x00000000fcb00000, 0x0000000100000000)
  eden space 394752K, 0% used [0x00000000d5580000,0x00000000d5580000,0x00000000ed700000)
  from space 82944K, 67% used [0x00000000ed700000,0x00000000f0de3520,0x00000000f2800000)
  to   space 86016K, 0% used [0x00000000f7700000,0x00000000f7700000,0x00000000fcb00000)
 ParOldGen       total 148992K, used 113364K [0x0000000080000000, 0x0000000089180000, 0x00000000d5580000)
  object space 148992K, 76% used [0x0000000080000000,0x0000000086eb5308,0x0000000089180000)
 Metaspace       used 79803K, capacity 84542K, committed 84632K, reserved 1122304K
  class space    used 10941K, capacity 11889K, committed 11952K, reserved 1048576K
}
Event: 488.994 GC heap before
{Heap before GC invocations=27 (full 3):
 PSYoungGen      total 477696K, used 450957K [0x00000000d5580000, 0x00000000fcb00000, 0x0000000100000000)
  eden space 394752K, 100% used [0x00000000d5580000,0x00000000ed700000,0x00000000ed700000)
  from space 82944K, 67% used [0x00000000ed700000,0x00000000f0de3520,0x00000000f2800000)
  to   space 86016K, 0% used [0x00000000f7700000,0x00000000f7700000,0x00000000fcb00000)
 ParOldGen       total 148992K, used 113364K [0x0000000080000000, 0x0000000089180000, 0x00000000d5580000)
  object space 148992K, 76% used [0x0000000080000000,0x0000000086eb5308,0x0000000089180000)
 Metaspace       used 91907K, capacity 96984K, committed 97176K, reserved 1132544K
  class space    used 12207K, capacity 13167K, committed 13232K, reserved 1048576K
Event: 489.155 GC heap after
Heap after GC invocations=27 (full 3):
 PSYoungGen      total 544256K, used 86004K [0x00000000d5580000, 0x00000000fdc00000, 0x0000000100000000)
  eden space 458240K, 0% used [0x00000000d5580000,0x00000000d5580000,0x00000000f1500000)
  from space 86016K, 99% used [0x00000000f7700000,0x00000000fcafd140,0x00000000fcb00000)
  to   space 100352K, 0% used [0x00000000f1500000,0x00000000f1500000,0x00000000f7700000)
 ParOldGen       total 148992K, used 116132K [0x0000000080000000, 0x0000000089180000, 0x00000000d5580000)
  object space 148992K, 77% used [0x0000000080000000,0x00000000871693e0,0x0000000089180000)
 Metaspace       used 91907K, capacity 96984K, committed 97176K, reserved 1132544K
  class space    used 12207K, capacity 13167K, committed 13232K, reserved 1048576K
}
Event: 492.854 GC heap before
{Heap before GC invocations=28 (full 3):
 PSYoungGen      total 544256K, used 544238K [0x00000000d5580000, 0x00000000fdc00000, 0x0000000100000000)
  eden space 458240K, 99% used [0x00000000d5580000,0x00000000f14fe9e0,0x00000000f1500000)
  from space 86016K, 99% used [0x00000000f7700000,0x00000000fcafd140,0x00000000fcb00000)
  to   space 100352K, 0% used [0x00000000f1500000,0x00000000f1500000,0x00000000f7700000)
 ParOldGen       total 148992K, used 116132K [0x0000000080000000, 0x0000000089180000, 0x00000000d5580000)
  object space 148992K, 77% used [0x0000000080000000,0x00000000871693e0,0x0000000089180000)
 Metaspace       used 92141K, capacity 97366K, committed 97432K, reserved 1134592K
  class space    used 12233K, capacity 13214K, committed 13232K, reserved 1048576K

