# JRE version: OpenJDK Runtime Environment (8.0_242) (build 1.8.0_242-release-1644-b3-6222593)
# Java VM: OpenJDK 64-Bit Server VM (25.242-b3-6222593 mixed mode linux-amd64 compressed oops)
Heap:
 PSYoungGen      total 521728K, used 501648K [0x00000000d5580000, 0x00000000f9700000, 0x0000000100000000)
  eden space 488960K, 100% used [0x00000000d5580000,0x00000000f3300000,0x00000000f3300000)
  from space 32768K, 38% used [0x00000000f7700000,0x00000000f8364070,0x00000000f9700000)
  to   space 51200K, 99% used [0x00000000f3300000,0x00000000f64faab0,0x00000000f6500000)
 ParOldGen       total 158720K, used 86154K [0x0000000080000000, 0x0000000089b00000, 0x00000000d5580000)
  object space 158720K, 54% used [0x0000000080000000,0x0000000085422968,0x0000000089b00000)
 Metaspace       used 91873K, capacity 96670K, committed 96816K, reserved 1132544K
  class space    used 12159K, capacity 13060K, committed 13104K, reserved 1048576K
GC Heap History (10 events):
Event: 19.658 GC heap after
Heap after GC invocations=14 (full 3):
 PSYoungGen      total 344576K, used 24562K [0x00000000d5580000, 0x00000000f3280000, 0x0000000100000000)
  eden space 320000K, 0% used [0x00000000d5580000,0x00000000d5580000,0x00000000e8e00000)
  from space 24576K, 99% used [0x00000000e8e00000,0x00000000ea5fcaf0,0x00000000ea600000)
  to   space 34304K, 0% used [0x00000000f1100000,0x00000000f1100000,0x00000000f3280000)
 ParOldGen       total 104960K, used 54422K [0x0000000080000000, 0x0000000086680000, 0x00000000d5580000)
  object space 104960K, 51% used [0x0000000080000000,0x0000000083525ac8,0x0000000086680000)
 Metaspace       used 66798K, capacity 69960K, committed 70064K, reserved 1110016K
  class space    used 9231K, capacity 9836K, committed 9904K, reserved 1048576K
}
Event: 24.800 GC heap before
{Heap before GC invocations=15 (full 3):
 PSYoungGen      total 344576K, used 344562K [0x00000000d5580000, 0x00000000f3280000, 0x0000000100000000)
  eden space 320000K, 100% used [0x00000000d5580000,0x00000000e8e00000,0x00000000e8e00000)
  from space 24576K, 99% used [0x00000000e8e00000,0x00000000ea5fcaf0,0x00000000ea600000)
  to   space 34304K, 0% used [0x00000000f1100000,0x00000000f1100000,0x00000000f3280000)
 ParOldGen       total 104960K, used 54422K [0x0000000080000000, 0x0000000086680000, 0x00000000d5580000)
  object space 104960K, 51% used [0x0000000080000000,0x0000000083525ac8,0x0000000086680000)
 Metaspace       used 73943K, capacity 77784K, committed 77872K, reserved 1116160K
  class space    used 10304K, capacity 11030K, committed 11056K, reserved 1048576K
Event: 24.996 GC heap after
Heap after GC invocations=15 (full 3):
 PSYoungGen      total 432128K, used 34298K [0x00000000d5580000, 0x00000000f5a80000, 0x0000000100000000)
  eden space 397824K, 0% used [0x00000000d5580000,0x00000000d5580000,0x00000000eda00000)
  from space 34304K, 99% used [0x00000000f1100000,0x00000000f327e830,0x00000000f3280000)
  to   space 56320K, 0% used [0x00000000eda00000,0x00000000eda00000,0x00000000f1100000)
 ParOldGen       total 104960K, used 99086K [0x0000000080000000, 0x0000000086680000, 0x00000000d5580000)
  object space 104960K, 94% used [0x0000000080000000,0x00000000860c3b10,0x0000000086680000)
 Metaspace       used 73943K, capacity 77784K, committed 77872K, reserved 1116160K
  class space    used 10304K, capacity 11030K, committed 11056K, reserved 1048576K
}
Event: 24.996 GC heap before
{Heap before GC invocations=16 (full 4):
 PSYoungGen      total 432128K, used 34298K [0x00000000d5580000, 0x00000000f5a80000, 0x0000000100000000)
  eden space 397824K, 0% used [0x00000000d5580000,0x00000000d5580000,0x00000000eda00000)
  from space 34304K, 99% used [0x00000000f1100000,0x00000000f327e830,0x00000000f3280000)
  to   space 56320K, 0% used [0x00000000eda00000,0x00000000eda00000,0x00000000f1100000)
 ParOldGen       total 104960K, used 99086K [0x0000000080000000, 0x0000000086680000, 0x00000000d5580000)
  object space 104960K, 94% used [0x0000000080000000,0x00000000860c3b10,0x0000000086680000)
 Metaspace       used 73943K, capacity 77784K, committed 77872K, reserved 1116160K
  class space    used 10304K, capacity 11030K, committed 11056K, reserved 1048576K
Event: 25.398 GC heap after
Heap after GC invocations=16 (full 4):
 PSYoungGen      total 432128K, used 0K [0x00000000d5580000, 0x00000000f5a80000, 0x0000000100000000)
  eden space 397824K, 0% used [0x00000000d5580000,0x00000000d5580000,0x00000000eda00000)
  from space 34304K, 0% used [0x00000000f1100000,0x00000000f1100000,0x00000000f3280000)
  to   space 56320K, 0% used [0x00000000eda00000,0x00000000eda00000,0x00000000f1100000)
 ParOldGen       total 158720K, used 54920K [0x0000000080000000, 0x0000000089b00000, 0x00000000d5580000)
  object space 158720K, 34% used [0x0000000080000000,0x00000000835a20b0,0x0000000089b00000)
 Metaspace       used 73884K, capacity 77618K, committed 77872K, reserved 1116160K
  class space    used 10285K, capacity 10997K, committed 11056K, reserved 1048576K
}
Event: 107.767 GC heap before
{Heap before GC invocations=17 (full 4):
 PSYoungGen      total 432128K, used 397824K [0x00000000d5580000, 0x00000000f5a80000, 0x0000000100000000)
  eden space 397824K, 100% used [0x00000000d5580000,0x00000000eda00000,0x00000000eda00000)
  from space 34304K, 0% used [0x00000000f1100000,0x00000000f1100000,0x00000000f3280000)
  to   space 56320K, 0% used [0x00000000eda00000,0x00000000eda00000,0x00000000f1100000)
 ParOldGen       total 158720K, used 54920K [0x0000000080000000, 0x0000000089b00000, 0x00000000d5580000)
  object space 158720K, 34% used [0x0000000080000000,0x00000000835a20b0,0x0000000089b00000)
 Metaspace       used 81668K, capacity 85792K, committed 86064K, reserved 1124352K
  class space    used 10952K, capacity 11744K, committed 11824K, reserved 1048576K
Event: 107.810 GC heap after
Heap after GC invocations=17 (full 4):
 PSYoungGen      total 454144K, used 18896K [0x00000000d5580000, 0x00000000fab00000, 0x0000000100000000)
  eden space 397824K, 0% used [0x00000000d5580000,0x00000000d5580000,0x00000000eda00000)
  from space 56320K, 33% used [0x00000000eda00000,0x00000000eec741b8,0x00000000f1100000)
  to   space 53248K, 0% used [0x00000000f7700000,0x00000000f7700000,0x00000000fab00000)
 ParOldGen       total 158720K, used 54928K [0x0000000080000000, 0x0000000089b00000, 0x00000000d5580000)
  object space 158720K, 34% used [0x0000000080000000,0x00000000835a40b0,0x0000000089b00000)
 Metaspace       used 81668K, capacity 85792K, committed 86064K, reserved 1124352K
  class space    used 10952K, capacity 11744K, committed 11824K, reserved 1048576K
}
Event: 3439.992 GC heap before
{Heap before GC invocations=18 (full 4):
 PSYoungGen      total 454144K, used 416720K [0x00000000d5580000, 0x00000000fab00000, 0x0000000100000000)
  eden space 397824K, 99% used [0x00000000d5580000,0x00000000ed9fffd8,0x00000000eda00000)
  from space 56320K, 33% used [0x00000000eda00000,0x00000000eec741b8,0x00000000f1100000)
  to   space 53248K, 0% used [0x00000000f7700000,0x00000000f7700000,0x00000000fab00000)
 ParOldGen       total 158720K, used 54928K [0x0000000080000000, 0x0000000089b00000, 0x00000000d5580000)
  object space 158720K, 34% used [0x0000000080000000,0x00000000835a40b0,0x0000000089b00000)
 Metaspace       used 82745K, capacity 87076K, committed 87344K, reserved 1124352K
  class space    used 10987K, capacity 11804K, committed 11824K, reserved 1048576K
Event: 3440.037 GC heap after
Heap after GC invocations=18 (full 4):
 PSYoungGen      total 521728K, used 12688K [0x00000000d5580000, 0x00000000f9700000, 0x0000000100000000)
  eden space 488960K, 0% used [0x00000000d5580000,0x00000000d5580000,0x00000000f3300000)
  from space 32768K, 38% used [0x00000000f7700000,0x00000000f8364070,0x00000000f9700000)
  to   space 51200K, 0% used [0x00000000f3300000,0x00000000f3300000,0x00000000f6500000)
 ParOldGen       total 158720K, used 54936K [0x0000000080000000, 0x0000000089b00000, 0x00000000d5580000)
  object space 158720K, 34% used [0x0000000080000000,0x00000000835a60b0,0x0000000089b00000)
 Metaspace       used 82745K, capacity 87076K, committed 87344K, reserved 1124352K
  class space    used 10987K, capacity 11804K, committed 11824K, reserved 1048576K
}
Event: 3445.331 GC heap before
{Heap before GC invocations=19 (full 4):
 PSYoungGen      total 521728K, used 501648K [0x00000000d5580000, 0x00000000f9700000, 0x0000000100000000)
  eden space 488960K, 100% used [0x00000000d5580000,0x00000000f3300000,0x00000000f3300000)
  from space 32768K, 38% used [0x00000000f7700000,0x00000000f8364070,0x00000000f9700000)
  to   space 51200K, 0% used [0x00000000f3300000,0x00000000f3300000,0x00000000f6500000)
 ParOldGen       total 158720K, used 54936K [0x0000000080000000, 0x0000000089b00000, 0x00000000d5580000)
  object space 158720K, 34% used [0x0000000080000000,0x00000000835a60b0,0x0000000089b00000)
 Metaspace       used 91873K, capacity 96670K, committed 96816K, reserved 1132544K
  class space    used 12159K, capacity 13060K, committed 13104K, reserved 1048576K

