# JRE version: OpenJDK Runtime Environment (8.0_242) (build 1.8.0_242-release-1644-b3-6222593)
# Java VM: OpenJDK 64-Bit Server VM (25.242-b3-6222593 mixed mode linux-amd64 compressed oops)
Heap:
 PSYoungGen      total 635904K, used 106024K [0x00000000d5580000, 0x0000000100000000, 0x0000000100000000)
  eden space 594432K, 10% used [0x00000000d5580000,0x00000000d948f958,0x00000000f9a00000)
  from space 41472K, 99% used [0x00000000fd780000,0x00000000ffffa700,0x0000000100000000)
  to   space 52224K, 0% used [0x00000000f9a00000,0x00000000f9a00000,0x00000000fcd00000)
 ParOldGen       total 193024K, used 111828K [0x0000000080000000, 0x000000008bc80000, 0x00000000d5580000)
  object space 193024K, 57% used [0x0000000080000000,0x0000000086d35288,0x000000008bc80000)
 Metaspace       used 97917K, capacity 103284K, committed 103576K, reserved 1138688K
  class space    used 12681K, capacity 13693K, committed 13744K, reserved 1048576K
GC Heap History (10 events):
Event: 931.186 GC heap before
{Heap before GC invocations=16 (full 3):
 PSYoungGen      total 445440K, used 445117K [0x00000000d5580000, 0x00000000f3180000, 0x0000000100000000)
  eden space 422912K, 100% used [0x00000000d5580000,0x00000000ef280000,0x00000000ef280000)
  from space 22528K, 98% used [0x00000000f1b80000,0x00000000f312f438,0x00000000f3180000)
  to   space 30208K, 0% used [0x00000000ef680000,0x00000000ef680000,0x00000000f1400000)
 ParOldGen       total 101376K, used 58186K [0x0000000080000000, 0x0000000086300000, 0x00000000d5580000)
  object space 101376K, 57% used [0x0000000080000000,0x00000000838d2a80,0x0000000086300000)
 Metaspace       used 85682K, capacity 89666K, committed 90008K, reserved 1128448K
  class space    used 11125K, capacity 11856K, committed 11952K, reserved 1048576K
Event: 931.239 GC heap after
Heap after GC invocations=16 (full 3):
 PSYoungGen      total 457216K, used 14542K [0x00000000d5580000, 0x00000000f9180000, 0x0000000100000000)
  eden space 427008K, 0% used [0x00000000d5580000,0x00000000d5580000,0x00000000ef680000)
  from space 30208K, 48% used [0x00000000ef680000,0x00000000f04b3b00,0x00000000f1400000)
  to   space 29184K, 0% used [0x00000000f7500000,0x00000000f7500000,0x00000000f9180000)
 ParOldGen       total 101376K, used 60992K [0x0000000080000000, 0x0000000086300000, 0x00000000d5580000)
  object space 101376K, 60% used [0x0000000080000000,0x0000000083b901e8,0x0000000086300000)
 Metaspace       used 85682K, capacity 89666K, committed 90008K, reserved 1128448K
  class space    used 11125K, capacity 11856K, committed 11952K, reserved 1048576K
}
Event: 935.158 GC heap before
{Heap before GC invocations=17 (full 3):
 PSYoungGen      total 457216K, used 424409K [0x00000000d5580000, 0x00000000f9180000, 0x0000000100000000)
  eden space 427008K, 95% used [0x00000000d5580000,0x00000000ee5c29e8,0x00000000ef680000)
  from space 30208K, 48% used [0x00000000ef680000,0x00000000f04b3b00,0x00000000f1400000)
  to   space 29184K, 0% used [0x00000000f7500000,0x00000000f7500000,0x00000000f9180000)
 ParOldGen       total 101376K, used 60992K [0x0000000080000000, 0x0000000086300000, 0x00000000d5580000)
  object space 101376K, 60% used [0x0000000080000000,0x0000000083b901e8,0x0000000086300000)
 Metaspace       used 93593K, capacity 98522K, committed 98600K, reserved 1134592K
  class space    used 12321K, capacity 13294K, committed 13360K, reserved 1048576K
Event: 935.254 GC heap after
Heap after GC invocations=17 (full 3):
 PSYoungGen      total 541696K, used 29182K [0x00000000d5580000, 0x00000000fb080000, 0x0000000100000000)
  eden space 512512K, 0% used [0x00000000d5580000,0x00000000d5580000,0x00000000f4a00000)
  from space 29184K, 99% used [0x00000000f7500000,0x00000000f917f8a0,0x00000000f9180000)
  to   space 44032K, 0% used [0x00000000f4a00000,0x00000000f4a00000,0x00000000f7500000)
 ParOldGen       total 101376K, used 88789K [0x0000000080000000, 0x0000000086300000, 0x00000000d5580000)
  object space 101376K, 87% used [0x0000000080000000,0x00000000856b5770,0x0000000086300000)
 Metaspace       used 93593K, capacity 98522K, committed 98600K, reserved 1134592K
  class space    used 12321K, capacity 13294K, committed 13360K, reserved 1048576K
}
Event: 935.254 GC heap before
{Heap before GC invocations=18 (full 4):
 PSYoungGen      total 541696K, used 29182K [0x00000000d5580000, 0x00000000fb080000, 0x0000000100000000)
  eden space 512512K, 0% used [0x00000000d5580000,0x00000000d5580000,0x00000000f4a00000)
  from space 29184K, 99% used [0x00000000f7500000,0x00000000f917f8a0,0x00000000f9180000)
  to   space 44032K, 0% used [0x00000000f4a00000,0x00000000f4a00000,0x00000000f7500000)
 ParOldGen       total 101376K, used 88789K [0x0000000080000000, 0x0000000086300000, 0x00000000d5580000)
  object space 101376K, 87% used [0x0000000080000000,0x00000000856b5770,0x0000000086300000)
 Metaspace       used 93593K, capacity 98522K, committed 98600K, reserved 1134592K
  class space    used 12321K, capacity 13294K, committed 13360K, reserved 1048576K
Event: 935.783 GC heap after
Heap after GC invocations=18 (full 4):
 PSYoungGen      total 541696K, used 0K [0x00000000d5580000, 0x00000000fb080000, 0x0000000100000000)
  eden space 512512K, 0% used [0x00000000d5580000,0x00000000d5580000,0x00000000f4a00000)
  from space 29184K, 0% used [0x00000000f7500000,0x00000000f7500000,0x00000000f9180000)
  to   space 44032K, 0% used [0x00000000f4a00000,0x00000000f4a00000,0x00000000f7500000)
 ParOldGen       total 193024K, used 100103K [0x0000000080000000, 0x000000008bc80000, 0x00000000d5580000)
  object space 193024K, 51% used [0x0000000080000000,0x00000000861c1f88,0x000000008bc80000)
 Metaspace       used 93265K, capacity 97752K, committed 98600K, reserved 1134592K
  class space    used 12205K, capacity 13087K, committed 13360K, reserved 1048576K
}
Event: 951.470 GC heap before
{Heap before GC invocations=19 (full 4):
 PSYoungGen      total 541696K, used 512512K [0x00000000d5580000, 0x00000000fb080000, 0x0000000100000000)
  eden space 512512K, 100% used [0x00000000d5580000,0x00000000f4a00000,0x00000000f4a00000)
  from space 29184K, 0% used [0x00000000f7500000,0x00000000f7500000,0x00000000f9180000)
  to   space 44032K, 0% used [0x00000000f4a00000,0x00000000f4a00000,0x00000000f7500000)
 ParOldGen       total 193024K, used 100103K [0x0000000080000000, 0x000000008bc80000, 0x00000000d5580000)
  object space 193024K, 51% used [0x0000000080000000,0x00000000861c1f88,0x000000008bc80000)
 Metaspace       used 96976K, capacity 102046K, committed 102296K, reserved 1138688K
  class space    used 12638K, capacity 13622K, committed 13744K, reserved 1048576K
Event: 951.512 GC heap after
Heap after GC invocations=19 (full 4):
 PSYoungGen      total 556544K, used 17599K [0x00000000d5580000, 0x0000000100000000, 0x0000000100000000)
  eden space 512512K, 0% used [0x00000000d5580000,0x00000000d5580000,0x00000000f4a00000)
  from space 44032K, 39% used [0x00000000f4a00000,0x00000000f5b2fd80,0x00000000f7500000)
  to   space 41472K, 0% used [0x00000000fd780000,0x00000000fd780000,0x0000000100000000)
 ParOldGen       total 193024K, used 100111K [0x0000000080000000, 0x000000008bc80000, 0x00000000d5580000)
  object space 193024K, 51% used [0x0000000080000000,0x00000000861c3f88,0x000000008bc80000)
 Metaspace       used 96976K, capacity 102046K, committed 102296K, reserved 1138688K
  class space    used 12638K, capacity 13622K, committed 13744K, reserved 1048576K
}
Event: 1591.986 GC heap before
{Heap before GC invocations=20 (full 4):
 PSYoungGen      total 556544K, used 530111K [0x00000000d5580000, 0x0000000100000000, 0x0000000100000000)
  eden space 512512K, 100% used [0x00000000d5580000,0x00000000f4a00000,0x00000000f4a00000)
  from space 44032K, 39% used [0x00000000f4a00000,0x00000000f5b2fd80,0x00000000f7500000)
  to   space 41472K, 0% used [0x00000000fd780000,0x00000000fd780000,0x0000000100000000)
 ParOldGen       total 193024K, used 100111K [0x0000000080000000, 0x000000008bc80000, 0x00000000d5580000)
  object space 193024K, 51% used [0x0000000080000000,0x00000000861c3f88,0x000000008bc80000)
 Metaspace       used 97908K, capacity 103284K, committed 103576K, reserved 1138688K
  class space    used 12681K, capacity 13693K, committed 13744K, reserved 1048576K
Event: 1592.115 GC heap after
Heap after GC invocations=20 (full 4):
 PSYoungGen      total 635904K, used 41449K [0x00000000d5580000, 0x0000000100000000, 0x0000000100000000)
  eden space 594432K, 0% used [0x00000000d5580000,0x00000000d5580000,0x00000000f9a00000)
  from space 41472K, 99% used [0x00000000fd780000,0x00000000ffffa700,0x0000000100000000)
  to   space 52224K, 0% used [0x00000000f9a00000,0x00000000f9a00000,0x00000000fcd00000)
 ParOldGen       total 193024K, used 111828K [0x0000000080000000, 0x000000008bc80000, 0x00000000d5580000)
  object space 193024K, 57% used [0x0000000080000000,0x0000000086d35288,0x000000008bc80000)
 Metaspace       used 97908K, capacity 103284K, committed 103576K, reserved 1138688K
  class space    used 12681K, capacity 13693K, committed 13744K, reserved 1048576K
}

