# JRE version: OpenJDK Runtime Environment (8.0_242) (build 1.8.0_242-release-1644-b3-6222593)
# Java VM: OpenJDK 64-Bit Server VM (25.242-b3-6222593 mixed mode linux-amd64 compressed oops)
Heap:
 PSYoungGen      total 352768K, used 277713K [0x00000000d5580000, 0x00000000f4a80000, 0x0000000100000000)
  eden space 328704K, 77% used [0x00000000d5580000,0x00000000e4d38570,0x00000000e9680000)
  from space 24064K, 99% used [0x00000000e9680000,0x00000000eadfbf88,0x00000000eae00000)
  to   space 34816K, 0% used [0x00000000f2880000,0x00000000f2880000,0x00000000f4a80000)
 ParOldGen       total 100864K, used 58476K [0x0000000080000000, 0x0000000086280000, 0x00000000d5580000)
  object space 100864K, 57% used [0x0000000080000000,0x000000008391b0c8,0x0000000086280000)
 Metaspace       used 71171K, capacity 74772K, committed 74928K, reserved 1114112K
  class space    used 9904K, capacity 10638K, committed 10672K, reserved 1048576K
GC Heap History (10 events):
Event: 5.994 GC heap before
{Heap before GC invocations=10 (full 2):
 PSYoungGen      total 244736K, used 8518K [0x00000000d5580000, 0x00000000e5480000, 0x0000000100000000)
  eden space 232448K, 0% used [0x00000000d5580000,0x00000000d5580000,0x00000000e3880000)
  from space 12288K, 69% used [0x00000000e4880000,0x00000000e50d1ad8,0x00000000e5480000)
  to   space 14336K, 0% used [0x00000000e3880000,0x00000000e3880000,0x00000000e4680000)
 ParOldGen       total 48128K, used 8445K [0x0000000080000000, 0x0000000082f00000, 0x00000000d5580000)
  object space 48128K, 17% used [0x0000000080000000,0x000000008083f480,0x0000000082f00000)
 Metaspace       used 34303K, capacity 35422K, committed 35496K, reserved 1079296K
  class space    used 4715K, capacity 5004K, committed 5040K, reserved 1048576K
Event: 6.102 GC heap after
Heap after GC invocations=10 (full 2):
 PSYoungGen      total 244736K, used 0K [0x00000000d5580000, 0x00000000e5480000, 0x0000000100000000)
  eden space 232448K, 0% used [0x00000000d5580000,0x00000000d5580000,0x00000000e3880000)
  from space 12288K, 0% used [0x00000000e4880000,0x00000000e4880000,0x00000000e5480000)
  to   space 14336K, 0% used [0x00000000e3880000,0x00000000e3880000,0x00000000e4680000)
 ParOldGen       total 64000K, used 14832K [0x0000000080000000, 0x0000000083e80000, 0x00000000d5580000)
  object space 64000K, 23% used [0x0000000080000000,0x0000000080e7c278,0x0000000083e80000)
 Metaspace       used 34303K, capacity 35422K, committed 35496K, reserved 1079296K
  class space    used 4715K, capacity 5004K, committed 5040K, reserved 1048576K
}
Event: 9.560 GC heap before
{Heap before GC invocations=11 (full 2):
 PSYoungGen      total 244736K, used 232448K [0x00000000d5580000, 0x00000000e5480000, 0x0000000100000000)
  eden space 232448K, 100% used [0x00000000d5580000,0x00000000e3880000,0x00000000e3880000)
  from space 12288K, 0% used [0x00000000e4880000,0x00000000e4880000,0x00000000e5480000)
  to   space 14336K, 0% used [0x00000000e3880000,0x00000000e3880000,0x00000000e4680000)
 ParOldGen       total 64000K, used 14832K [0x0000000080000000, 0x0000000083e80000, 0x00000000d5580000)
  object space 64000K, 23% used [0x0000000080000000,0x0000000080e7c278,0x0000000083e80000)
 Metaspace       used 46682K, capacity 48478K, committed 48688K, reserved 1091584K
  class space    used 6313K, capacity 6677K, committed 6704K, reserved 1048576K
Event: 9.594 GC heap after
Heap after GC invocations=11 (full 2):
 PSYoungGen      total 246784K, used 14328K [0x00000000d5580000, 0x00000000ebf80000, 0x0000000100000000)
  eden space 232448K, 0% used [0x00000000d5580000,0x00000000d5580000,0x00000000e3880000)
  from space 14336K, 99% used [0x00000000e3880000,0x00000000e467e3d8,0x00000000e4680000)
  to   space 17920K, 0% used [0x00000000eae00000,0x00000000eae00000,0x00000000ebf80000)
 ParOldGen       total 64000K, used 19259K [0x0000000080000000, 0x0000000083e80000, 0x00000000d5580000)
  object space 64000K, 30% used [0x0000000080000000,0x00000000812cef40,0x0000000083e80000)
 Metaspace       used 46682K, capacity 48478K, committed 48688K, reserved 1091584K
  class space    used 6313K, capacity 6677K, committed 6704K, reserved 1048576K
}
Event: 12.276 GC heap before
{Heap before GC invocations=12 (full 2):
 PSYoungGen      total 246784K, used 172163K [0x00000000d5580000, 0x00000000ebf80000, 0x0000000100000000)
  eden space 232448K, 67% used [0x00000000d5580000,0x00000000defa2aa8,0x00000000e3880000)
  from space 14336K, 99% used [0x00000000e3880000,0x00000000e467e3d8,0x00000000e4680000)
  to   space 17920K, 0% used [0x00000000eae00000,0x00000000eae00000,0x00000000ebf80000)
 ParOldGen       total 64000K, used 19259K [0x0000000080000000, 0x0000000083e80000, 0x00000000d5580000)
  object space 64000K, 30% used [0x0000000080000000,0x00000000812cef40,0x0000000083e80000)
 Metaspace       used 56749K, capacity 59042K, committed 59160K, reserved 1099776K
  class space    used 7786K, capacity 8251K, committed 8368K, reserved 1048576K
Event: 12.351 GC heap after
Heap after GC invocations=12 (full 2):
 PSYoungGen      total 346624K, used 17908K [0x00000000d5580000, 0x00000000ec600000, 0x0000000100000000)
  eden space 328704K, 0% used [0x00000000d5580000,0x00000000d5580000,0x00000000e9680000)
  from space 17920K, 99% used [0x00000000eae00000,0x00000000ebf7d300,0x00000000ebf80000)
  to   space 24064K, 0% used [0x00000000e9680000,0x00000000e9680000,0x00000000eae00000)
 ParOldGen       total 64000K, used 28537K [0x0000000080000000, 0x0000000083e80000, 0x00000000d5580000)
  object space 64000K, 44% used [0x0000000080000000,0x0000000081bde618,0x0000000083e80000)
 Metaspace       used 56749K, capacity 59042K, committed 59160K, reserved 1099776K
  class space    used 7786K, capacity 8251K, committed 8368K, reserved 1048576K
}
Event: 12.351 GC heap before
{Heap before GC invocations=13 (full 3):
 PSYoungGen      total 346624K, used 17908K [0x00000000d5580000, 0x00000000ec600000, 0x0000000100000000)
  eden space 328704K, 0% used [0x00000000d5580000,0x00000000d5580000,0x00000000e9680000)
  from space 17920K, 99% used [0x00000000eae00000,0x00000000ebf7d300,0x00000000ebf80000)
  to   space 24064K, 0% used [0x00000000e9680000,0x00000000e9680000,0x00000000eae00000)
 ParOldGen       total 64000K, used 28537K [0x0000000080000000, 0x0000000083e80000, 0x00000000d5580000)
  object space 64000K, 44% used [0x0000000080000000,0x0000000081bde618,0x0000000083e80000)
 Metaspace       used 56749K, capacity 59042K, committed 59160K, reserved 1099776K
  class space    used 7786K, capacity 8251K, committed 8368K, reserved 1048576K
Event: 12.730 GC heap after
Heap after GC invocations=13 (full 3):
 PSYoungGen      total 346624K, used 0K [0x00000000d5580000, 0x00000000ec600000, 0x0000000100000000)
  eden space 328704K, 0% used [0x00000000d5580000,0x00000000d5580000,0x00000000e9680000)
  from space 17920K, 0% used [0x00000000eae00000,0x00000000eae00000,0x00000000ebf80000)
  to   space 24064K, 0% used [0x00000000e9680000,0x00000000e9680000,0x00000000eae00000)
 ParOldGen       total 100864K, used 38883K [0x0000000080000000, 0x0000000086280000, 0x00000000d5580000)
  object space 100864K, 38% used [0x0000000080000000,0x00000000825f8f68,0x0000000086280000)
 Metaspace       used 56746K, capacity 59030K, committed 59160K, reserved 1099776K
  class space    used 7785K, capacity 8249K, committed 8368K, reserved 1048576K
}
Event: 18.335 GC heap before
{Heap before GC invocations=14 (full 3):
 PSYoungGen      total 346624K, used 328704K [0x00000000d5580000, 0x00000000ec600000, 0x0000000100000000)
  eden space 328704K, 100% used [0x00000000d5580000,0x00000000e9680000,0x00000000e9680000)
  from space 17920K, 0% used [0x00000000eae00000,0x00000000eae00000,0x00000000ebf80000)
  to   space 24064K, 0% used [0x00000000e9680000,0x00000000e9680000,0x00000000eae00000)
 ParOldGen       total 100864K, used 38883K [0x0000000080000000, 0x0000000086280000, 0x00000000d5580000)
  object space 100864K, 38% used [0x0000000080000000,0x00000000825f8f68,0x0000000086280000)
 Metaspace       used 66754K, capacity 69902K, committed 70064K, reserved 1110016K
  class space    used 9214K, capacity 9821K, committed 9904K, reserved 1048576K
Event: 18.395 GC heap after
Heap after GC invocations=14 (full 3):
 PSYoungGen      total 352768K, used 24047K [0x00000000d5580000, 0x00000000f4a80000, 0x0000000100000000)
  eden space 328704K, 0% used [0x00000000d5580000,0x00000000d5580000,0x00000000e9680000)
  from space 24064K, 99% used [0x00000000e9680000,0x00000000eadfbf88,0x00000000eae00000)
  to   space 34816K, 0% used [0x00000000f2880000,0x00000000f2880000,0x00000000f4a80000)
 ParOldGen       total 100864K, used 58476K [0x0000000080000000, 0x0000000086280000, 0x00000000d5580000)
  object space 100864K, 57% used [0x0000000080000000,0x000000008391b0c8,0x0000000086280000)
 Metaspace       used 66754K, capacity 69902K, committed 70064K, reserved 1110016K
  class space    used 9214K, capacity 9821K, committed 9904K, reserved 1048576K
}

