# JRE version: OpenJDK Runtime Environment (8.0_242) (build 1.8.0_242-release-1644-b3-6222593)
# Java VM: OpenJDK 64-Bit Server VM (25.242-b3-6222593 mixed mode linux-amd64 compressed oops)
Heap:
 PSYoungGen      total 613888K, used 612410K [0x00000000d5580000, 0x0000000100000000, 0x0000000100000000)
  eden space 549376K, 100% used [0x00000000d5580000,0x00000000f6e00000,0x00000000f6e00000)
  from space 64512K, 97% used [0x00000000fc100000,0x00000000ffe8eae0,0x0000000100000000)
  to   space 74752K, 5% used [0x00000000f6e00000,0x00000000f725c020,0x00000000fb700000)
 ParOldGen       total 229376K, used 91364K [0x0000000080000000, 0x000000008e000000, 0x00000000d5580000)
  object space 229376K, 39% used [0x0000000080000000,0x00000000859392d0,0x000000008e000000)
 Metaspace       used 117126K, capacity 123578K, committed 125848K, reserved 1159168K
  class space    used 15177K, capacity 16379K, committed 16816K, reserved 1048576K
GC Heap History (10 events):
Event: 4313.711 GC heap after
Heap after GC invocations=21 (full 4):
 PSYoungGen      total 648704K, used 42986K [0x00000000d5580000, 0x0000000100000000, 0x0000000100000000)
  eden space 605696K, 0% used [0x00000000d5580000,0x00000000d5580000,0x00000000fa500000)
  from space 43008K, 99% used [0x00000000fa500000,0x00000000fcefa940,0x00000000fcf00000)
  to   space 50176K, 0% used [0x00000000fcf00000,0x00000000fcf00000,0x0000000100000000)
 ParOldGen       total 209920K, used 110299K [0x0000000080000000, 0x000000008cd00000, 0x00000000d5580000)
  object space 209920K, 52% used [0x0000000080000000,0x0000000086bb6dd8,0x000000008cd00000)
 Metaspace       used 109437K, capacity 115670K, committed 115992K, reserved 1148928K
  class space    used 14332K, capacity 15574K, committed 15664K, reserved 1048576K
}
Event: 4320.894 GC heap before
{Heap before GC invocations=22 (full 4):
 PSYoungGen      total 648704K, used 648682K [0x00000000d5580000, 0x0000000100000000, 0x0000000100000000)
  eden space 605696K, 100% used [0x00000000d5580000,0x00000000fa500000,0x00000000fa500000)
  from space 43008K, 99% used [0x00000000fa500000,0x00000000fcefa940,0x00000000fcf00000)
  to   space 50176K, 0% used [0x00000000fcf00000,0x00000000fcf00000,0x0000000100000000)
 ParOldGen       total 209920K, used 110299K [0x0000000080000000, 0x000000008cd00000, 0x00000000d5580000)
  object space 209920K, 52% used [0x0000000080000000,0x0000000086bb6dd8,0x000000008cd00000)
 Metaspace       used 118887K, capacity 125482K, committed 125592K, reserved 1159168K
  class space    used 15500K, capacity 16785K, committed 16816K, reserved 1048576K
Event: 4321.054 GC heap after
Heap after GC invocations=22 (full 4):
 PSYoungGen      total 611840K, used 50164K [0x00000000d5580000, 0x0000000100000000, 0x0000000100000000)
  eden space 561664K, 0% used [0x00000000d5580000,0x00000000d5580000,0x00000000f7a00000)
  from space 50176K, 99% used [0x00000000fcf00000,0x00000000ffffd2e8,0x0000000100000000)
  to   space 68608K, 0% used [0x00000000f7a00000,0x00000000f7a00000,0x00000000fbd00000)
 ParOldGen       total 209920K, used 136391K [0x0000000080000000, 0x000000008cd00000, 0x00000000d5580000)
  object space 209920K, 64% used [0x0000000080000000,0x0000000088531da8,0x000000008cd00000)
 Metaspace       used 118887K, capacity 125482K, committed 125592K, reserved 1159168K
  class space    used 15500K, capacity 16785K, committed 16816K, reserved 1048576K
}
Event: 4325.388 GC heap before
{Heap before GC invocations=23 (full 4):
 PSYoungGen      total 611840K, used 611828K [0x00000000d5580000, 0x0000000100000000, 0x0000000100000000)
  eden space 561664K, 100% used [0x00000000d5580000,0x00000000f7a00000,0x00000000f7a00000)
  from space 50176K, 99% used [0x00000000fcf00000,0x00000000ffffd2e8,0x0000000100000000)
  to   space 68608K, 0% used [0x00000000f7a00000,0x00000000f7a00000,0x00000000fbd00000)
 ParOldGen       total 209920K, used 136391K [0x0000000080000000, 0x000000008cd00000, 0x00000000d5580000)
  object space 209920K, 64% used [0x0000000080000000,0x0000000088531da8,0x000000008cd00000)
 Metaspace       used 119116K, capacity 125732K, committed 125848K, reserved 1159168K
  class space    used 15518K, capacity 16802K, committed 16816K, reserved 1048576K
Event: 4325.483 GC heap after
Heap after GC invocations=23 (full 4):
 PSYoungGen      total 630272K, used 24138K [0x00000000d5580000, 0x0000000100000000, 0x0000000100000000)
  eden space 561664K, 0% used [0x00000000d5580000,0x00000000d5580000,0x00000000f7a00000)
  from space 68608K, 35% used [0x00000000f7a00000,0x00000000f9192b68,0x00000000fbd00000)
  to   space 64512K, 0% used [0x00000000fc100000,0x00000000fc100000,0x0000000100000000)
 ParOldGen       total 209920K, used 176016K [0x0000000080000000, 0x000000008cd00000, 0x00000000d5580000)
  object space 209920K, 83% used [0x0000000080000000,0x000000008abe40e8,0x000000008cd00000)
 Metaspace       used 119116K, capacity 125732K, committed 125848K, reserved 1159168K
  class space    used 15518K, capacity 16802K, committed 16816K, reserved 1048576K
}
Event: 4325.483 GC heap before
{Heap before GC invocations=24 (full 5):
 PSYoungGen      total 630272K, used 24138K [0x00000000d5580000, 0x0000000100000000, 0x0000000100000000)
  eden space 561664K, 0% used [0x00000000d5580000,0x00000000d5580000,0x00000000f7a00000)
  from space 68608K, 35% used [0x00000000f7a00000,0x00000000f9192b68,0x00000000fbd00000)
  to   space 64512K, 0% used [0x00000000fc100000,0x00000000fc100000,0x0000000100000000)
 ParOldGen       total 209920K, used 176016K [0x0000000080000000, 0x000000008cd00000, 0x00000000d5580000)
  object space 209920K, 83% used [0x0000000080000000,0x000000008abe40e8,0x000000008cd00000)
 Metaspace       used 119116K, capacity 125732K, committed 125848K, reserved 1159168K
  class space    used 15518K, capacity 16802K, committed 16816K, reserved 1048576K
Event: 4326.038 GC heap after
Heap after GC invocations=24 (full 5):
 PSYoungGen      total 630272K, used 0K [0x00000000d5580000, 0x0000000100000000, 0x0000000100000000)
  eden space 561664K, 0% used [0x00000000d5580000,0x00000000d5580000,0x00000000f7a00000)
  from space 68608K, 0% used [0x00000000f7a00000,0x00000000f7a00000,0x00000000fbd00000)
  to   space 64512K, 0% used [0x00000000fc100000,0x00000000fc100000,0x0000000100000000)
 ParOldGen       total 229376K, used 91364K [0x0000000080000000, 0x000000008e000000, 0x00000000d5580000)
  object space 229376K, 39% used [0x0000000080000000,0x00000000859392d0,0x000000008e000000)
 Metaspace       used 115966K, capacity 121562K, committed 125848K, reserved 1159168K
  class space    used 15028K, capacity 16090K, committed 16816K, reserved 1048576K
}
Event: 4411.928 GC heap before
{Heap before GC invocations=25 (full 5):
 PSYoungGen      total 630272K, used 561664K [0x00000000d5580000, 0x0000000100000000, 0x0000000100000000)
  eden space 561664K, 100% used [0x00000000d5580000,0x00000000f7a00000,0x00000000f7a00000)
  from space 68608K, 0% used [0x00000000f7a00000,0x00000000f7a00000,0x00000000fbd00000)
  to   space 64512K, 0% used [0x00000000fc100000,0x00000000fc100000,0x0000000100000000)
 ParOldGen       total 229376K, used 91364K [0x0000000080000000, 0x000000008e000000, 0x00000000d5580000)
  object space 229376K, 39% used [0x0000000080000000,0x00000000859392d0,0x000000008e000000)
 Metaspace       used 116718K, capacity 123004K, committed 125848K, reserved 1159168K
  class space    used 15154K, capacity 16340K, committed 16816K, reserved 1048576K
Event: 4412.044 GC heap after
Heap after GC invocations=25 (full 5):
 PSYoungGen      total 613888K, used 63034K [0x00000000d5580000, 0x0000000100000000, 0x0000000100000000)
  eden space 549376K, 0% used [0x00000000d5580000,0x00000000d5580000,0x00000000f6e00000)
  from space 64512K, 97% used [0x00000000fc100000,0x00000000ffe8eae0,0x0000000100000000)
  to   space 74752K, 0% used [0x00000000f6e00000,0x00000000f6e00000,0x00000000fb700000)
 ParOldGen       total 229376K, used 91364K [0x0000000080000000, 0x000000008e000000, 0x00000000d5580000)
  object space 229376K, 39% used [0x0000000080000000,0x00000000859392d0,0x000000008e000000)
 Metaspace       used 116718K, capacity 123004K, committed 125848K, reserved 1159168K
  class space    used 15154K, capacity 16340K, committed 16816K, reserved 1048576K
}
Event: 4563.650 GC heap before
{Heap before GC invocations=26 (full 5):
 PSYoungGen      total 613888K, used 612410K [0x00000000d5580000, 0x0000000100000000, 0x0000000100000000)
  eden space 549376K, 100% used [0x00000000d5580000,0x00000000f6e00000,0x00000000f6e00000)
  from space 64512K, 97% used [0x00000000fc100000,0x00000000ffe8eae0,0x0000000100000000)
  to   space 74752K, 0% used [0x00000000f6e00000,0x00000000f6e00000,0x00000000fb700000)
 ParOldGen       total 229376K, used 91364K [0x0000000080000000, 0x000000008e000000, 0x00000000d5580000)
  object space 229376K, 39% used [0x0000000080000000,0x00000000859392d0,0x000000008e000000)
 Metaspace       used 117126K, capacity 123578K, committed 125848K, reserved 1159168K
  class space    used 15177K, capacity 16379K, committed 16816K, reserved 1048576K

