# JRE version: OpenJDK Runtime Environment (8.0_242) (build 1.8.0_242-release-1644-b3-6222593)
# Java VM: OpenJDK 64-Bit Server VM (25.242-b3-6222593 mixed mode linux-amd64 compressed oops)
Heap:
 PSYoungGen      total 621056K, used 590662K [0x00000000d5580000, 0x00000000fe600000, 0x0000000100000000)
  eden space 588288K, 94% used [0x00000000d5580000,0x00000000f7664db8,0x00000000f9400000)
  from space 32768K, 99% used [0x00000000fb900000,0x00000000fd8eca70,0x00000000fd900000)
  to   space 37888K, 0% used [0x00000000f9400000,0x00000000f9400000,0x00000000fb900000)
 ParOldGen       total 161280K, used 59304K [0x0000000080000000, 0x0000000089d80000, 0x00000000d5580000)
  object space 161280K, 36% used [0x0000000080000000,0x00000000839ea3f0,0x0000000089d80000)
 Metaspace       used 110282K, capacity 115596K, committed 115800K, reserved 1148928K
  class space    used 14265K, capacity 15407K, committed 15488K, reserved 1048576K
GC Heap History (10 events):
Event: 40.606 GC heap before
{Heap before GC invocations=16 (full 3):
 PSYoungGen      total 395776K, used 390522K [0x00000000d5580000, 0x00000000ef800000, 0x0000000100000000)
  eden space 374272K, 100% used [0x00000000d5580000,0x00000000ec300000,0x00000000ec300000)
  from space 21504K, 75% used [0x00000000ee300000,0x00000000ef2deb00,0x00000000ef800000)
  to   space 27136K, 0% used [0x00000000ec300000,0x00000000ec300000,0x00000000edd80000)
 ParOldGen       total 110592K, used 55692K [0x0000000080000000, 0x0000000086c00000, 0x00000000d5580000)
  object space 110592K, 50% used [0x0000000080000000,0x00000000836633b0,0x0000000086c00000)
 Metaspace       used 82538K, capacity 86492K, committed 86744K, reserved 1124352K
  class space    used 10994K, capacity 11771K, committed 11776K, reserved 1048576K
Event: 40.656 GC heap after
Heap after GC invocations=16 (full 3):
 PSYoungGen      total 401408K, used 11633K [0x00000000d5580000, 0x00000000f5a00000, 0x0000000100000000)
  eden space 374272K, 0% used [0x00000000d5580000,0x00000000d5580000,0x00000000ec300000)
  from space 27136K, 42% used [0x00000000ec300000,0x00000000ece5c570,0x00000000edd80000)
  to   space 26112K, 0% used [0x00000000f4080000,0x00000000f4080000,0x00000000f5a00000)
 ParOldGen       total 110592K, used 65241K [0x0000000080000000, 0x0000000086c00000, 0x00000000d5580000)
  object space 110592K, 58% used [0x0000000080000000,0x0000000083fb67f0,0x0000000086c00000)
 Metaspace       used 82538K, capacity 86492K, committed 86744K, reserved 1124352K
  class space    used 10994K, capacity 11771K, committed 11776K, reserved 1048576K
}
Event: 1277.671 GC heap before
{Heap before GC invocations=17 (full 3):
 PSYoungGen      total 401408K, used 385905K [0x00000000d5580000, 0x00000000f5a00000, 0x0000000100000000)
  eden space 374272K, 100% used [0x00000000d5580000,0x00000000ec300000,0x00000000ec300000)
  from space 27136K, 42% used [0x00000000ec300000,0x00000000ece5c570,0x00000000edd80000)
  to   space 26112K, 0% used [0x00000000f4080000,0x00000000f4080000,0x00000000f5a00000)
 ParOldGen       total 110592K, used 65241K [0x0000000080000000, 0x0000000086c00000, 0x00000000d5580000)
  object space 110592K, 58% used [0x0000000080000000,0x0000000083fb67f0,0x0000000086c00000)
 Metaspace       used 91380K, capacity 96074K, committed 96216K, reserved 1132544K
  class space    used 12003K, capacity 12964K, committed 13056K, reserved 1048576K
Event: 1277.760 GC heap after
Heap after GC invocations=17 (full 3):
 PSYoungGen      total 486912K, used 26081K [0x00000000d5580000, 0x00000000f5a00000, 0x0000000100000000)
  eden space 460800K, 0% used [0x00000000d5580000,0x00000000d5580000,0x00000000f1780000)
  from space 26112K, 99% used [0x00000000f4080000,0x00000000f59f8500,0x00000000f5a00000)
  to   space 32768K, 0% used [0x00000000f1a00000,0x00000000f1a00000,0x00000000f3a00000)
 ParOldGen       total 110592K, used 73456K [0x0000000080000000, 0x0000000086c00000, 0x00000000d5580000)
  object space 110592K, 66% used [0x0000000080000000,0x00000000847bc340,0x0000000086c00000)
 Metaspace       used 91380K, capacity 96074K, committed 96216K, reserved 1132544K
  class space    used 12003K, capacity 12964K, committed 13056K, reserved 1048576K
}
Event: 1278.329 GC heap before
{Heap before GC invocations=18 (full 3):
 PSYoungGen      total 486912K, used 57117K [0x00000000d5580000, 0x00000000f5a00000, 0x0000000100000000)
  eden space 460800K, 6% used [0x00000000d5580000,0x00000000d73cf208,0x00000000f1780000)
  from space 26112K, 99% used [0x00000000f4080000,0x00000000f59f8500,0x00000000f5a00000)
  to   space 32768K, 0% used [0x00000000f1a00000,0x00000000f1a00000,0x00000000f3a00000)
 ParOldGen       total 110592K, used 73456K [0x0000000080000000, 0x0000000086c00000, 0x00000000d5580000)
  object space 110592K, 66% used [0x0000000080000000,0x00000000847bc340,0x0000000086c00000)
 Metaspace       used 93666K, capacity 98340K, committed 98380K, reserved 1134592K
  class space    used 12291K, capacity 13273K, committed 13312K, reserved 1048576K
Event: 1278.356 GC heap after
Heap after GC invocations=18 (full 3):
 PSYoungGen      total 496128K, used 3636K [0x00000000d5580000, 0x00000000fd900000, 0x0000000100000000)
  eden space 463360K, 0% used [0x00000000d5580000,0x00000000d5580000,0x00000000f1a00000)
  from space 32768K, 11% used [0x00000000f1a00000,0x00000000f1d8d318,0x00000000f3a00000)
  to   space 32768K, 0% used [0x00000000fb900000,0x00000000fb900000,0x00000000fd900000)
 ParOldGen       total 110592K, used 83803K [0x0000000080000000, 0x0000000086c00000, 0x00000000d5580000)
  object space 110592K, 75% used [0x0000000080000000,0x00000000851d6f68,0x0000000086c00000)
 Metaspace       used 93666K, capacity 98340K, committed 98380K, reserved 1134592K
  class space    used 12291K, capacity 13273K, committed 13312K, reserved 1048576K
}
Event: 1278.356 GC heap before
{Heap before GC invocations=19 (full 4):
 PSYoungGen      total 496128K, used 3636K [0x00000000d5580000, 0x00000000fd900000, 0x0000000100000000)
  eden space 463360K, 0% used [0x00000000d5580000,0x00000000d5580000,0x00000000f1a00000)
  from space 32768K, 11% used [0x00000000f1a00000,0x00000000f1d8d318,0x00000000f3a00000)
  to   space 32768K, 0% used [0x00000000fb900000,0x00000000fb900000,0x00000000fd900000)
 ParOldGen       total 110592K, used 83803K [0x0000000080000000, 0x0000000086c00000, 0x00000000d5580000)
  object space 110592K, 75% used [0x0000000080000000,0x00000000851d6f68,0x0000000086c00000)
 Metaspace       used 93666K, capacity 98340K, committed 98380K, reserved 1134592K
  class space    used 12291K, capacity 13273K, committed 13312K, reserved 1048576K
Event: 1278.839 GC heap after
Heap after GC invocations=19 (full 4):
 PSYoungGen      total 496128K, used 0K [0x00000000d5580000, 0x00000000fd900000, 0x0000000100000000)
  eden space 463360K, 0% used [0x00000000d5580000,0x00000000d5580000,0x00000000f1a00000)
  from space 32768K, 0% used [0x00000000f1a00000,0x00000000f1a00000,0x00000000f3a00000)
  to   space 32768K, 0% used [0x00000000fb900000,0x00000000fb900000,0x00000000fd900000)
 ParOldGen       total 161280K, used 59296K [0x0000000080000000, 0x0000000089d80000, 0x00000000d5580000)
  object space 161280K, 36% used [0x0000000080000000,0x00000000839e83f0,0x0000000089d80000)
 Metaspace       used 93495K, capacity 97844K, committed 98380K, reserved 1134592K
  class space    used 12238K, capacity 13193K, committed 13312K, reserved 1048576K
}
Event: 1869.212 GC heap before
{Heap before GC invocations=20 (full 4):
 PSYoungGen      total 496128K, used 463360K [0x00000000d5580000, 0x00000000fd900000, 0x0000000100000000)
  eden space 463360K, 100% used [0x00000000d5580000,0x00000000f1a00000,0x00000000f1a00000)
  from space 32768K, 0% used [0x00000000f1a00000,0x00000000f1a00000,0x00000000f3a00000)
  to   space 32768K, 0% used [0x00000000fb900000,0x00000000fb900000,0x00000000fd900000)
 ParOldGen       total 161280K, used 59296K [0x0000000080000000, 0x0000000089d80000, 0x00000000d5580000)
  object space 161280K, 36% used [0x0000000080000000,0x00000000839e83f0,0x0000000089d80000)
 Metaspace       used 100277K, capacity 105222K, committed 105560K, reserved 1140736K
  class space    used 12991K, capacity 14099K, committed 14208K, reserved 1048576K
Event: 1869.299 GC heap after
Heap after GC invocations=20 (full 4):
 PSYoungGen      total 621056K, used 32690K [0x00000000d5580000, 0x00000000fe600000, 0x0000000100000000)
  eden space 588288K, 0% used [0x00000000d5580000,0x00000000d5580000,0x00000000f9400000)
  from space 32768K, 99% used [0x00000000fb900000,0x00000000fd8eca70,0x00000000fd900000)
  to   space 37888K, 0% used [0x00000000f9400000,0x00000000f9400000,0x00000000fb900000)
 ParOldGen       total 161280K, used 59304K [0x0000000080000000, 0x0000000089d80000, 0x00000000d5580000)
  object space 161280K, 36% used [0x0000000080000000,0x00000000839ea3f0,0x0000000089d80000)
 Metaspace       used 100277K, capacity 105222K, committed 105560K, reserved 1140736K
  class space    used 12991K, capacity 14099K, committed 14208K, reserved 1048576K
}

