# JRE version: OpenJDK Runtime Environment (8.0_242) (build 1.8.0_242-release-1644-b3-6222593)
# Java VM: OpenJDK 64-Bit Server VM (25.242-b3-6222593 mixed mode linux-amd64 compressed oops)
Heap:
 PSYoungGen      total 577024K, used 566318K [0x00000000d5580000, 0x0000000100000000, 0x0000000100000000)
  eden space 489984K, 100% used [0x00000000d5580000,0x00000000f3400000,0x00000000f3400000)
  from space 87040K, 87% used [0x00000000fab00000,0x00000000ff58bac0,0x0000000100000000)
  to   space 104448K, 42% used [0x00000000f3400000,0x00000000f5f3d038,0x00000000f9a00000)
 ParOldGen       total 237568K, used 113509K [0x0000000080000000, 0x000000008e800000, 0x00000000d5580000)
  object space 237568K, 47% used [0x0000000080000000,0x0000000086ed9740,0x000000008e800000)
 Metaspace       used 91519K, capacity 97442K, committed 97688K, reserved 1134592K
  class space    used 12100K, capacity 13136K, committed 13232K, reserved 1048576K
GC Heap History (10 events):
Event: 115.864 GC heap after
Heap after GC invocations=16 (full 4):
 PSYoungGen      total 574464K, used 0K [0x00000000d5580000, 0x00000000fd880000, 0x0000000100000000)
  eden space 519680K, 0% used [0x00000000d5580000,0x00000000d5580000,0x00000000f5100000)
  from space 54784K, 0% used [0x00000000f8f00000,0x00000000f8f00000,0x00000000fc480000)
  to   space 63488K, 0% used [0x00000000f5100000,0x00000000f5100000,0x00000000f8f00000)
 ParOldGen       total 237568K, used 100827K [0x0000000080000000, 0x000000008e800000, 0x00000000d5580000)
  object space 237568K, 42% used [0x0000000080000000,0x0000000086276de8,0x000000008e800000)
 Metaspace       used 87754K, capacity 92136K, committed 92696K, reserved 1128448K
  class space    used 11852K, capacity 12689K, committed 12848K, reserved 1048576K
}
Event: 154.415 GC heap before
{Heap before GC invocations=17 (full 4):
 PSYoungGen      total 574464K, used 519680K [0x00000000d5580000, 0x00000000fd880000, 0x0000000100000000)
  eden space 519680K, 100% used [0x00000000d5580000,0x00000000f5100000,0x00000000f5100000)
  from space 54784K, 0% used [0x00000000f8f00000,0x00000000f8f00000,0x00000000fc480000)
  to   space 63488K, 0% used [0x00000000f5100000,0x00000000f5100000,0x00000000f8f00000)
 ParOldGen       total 237568K, used 100827K [0x0000000080000000, 0x000000008e800000, 0x00000000d5580000)
  object space 237568K, 42% used [0x0000000080000000,0x0000000086276de8,0x000000008e800000)
 Metaspace       used 88601K, capacity 93208K, committed 93464K, reserved 1130496K
  class space    used 11891K, capacity 12755K, committed 12848K, reserved 1048576K
Event: 154.677 GC heap after
Heap after GC invocations=17 (full 4):
 PSYoungGen      total 583168K, used 58687K [0x00000000d5580000, 0x0000000100000000, 0x0000000100000000)
  eden space 519680K, 0% used [0x00000000d5580000,0x00000000d5580000,0x00000000f5100000)
  from space 63488K, 92% used [0x00000000f5100000,0x00000000f8a4fce8,0x00000000f8f00000)
  to   space 72704K, 0% used [0x00000000fb900000,0x00000000fb900000,0x0000000100000000)
 ParOldGen       total 237568K, used 107156K [0x0000000080000000, 0x000000008e800000, 0x00000000d5580000)
  object space 237568K, 45% used [0x0000000080000000,0x00000000868a52a0,0x000000008e800000)
 Metaspace       used 88601K, capacity 93208K, committed 93464K, reserved 1130496K
  class space    used 11891K, capacity 12755K, committed 12848K, reserved 1048576K
}
Event: 268.504 GC heap before
{Heap before GC invocations=18 (full 4):
 PSYoungGen      total 583168K, used 578367K [0x00000000d5580000, 0x0000000100000000, 0x0000000100000000)
  eden space 519680K, 100% used [0x00000000d5580000,0x00000000f5100000,0x00000000f5100000)
  from space 63488K, 92% used [0x00000000f5100000,0x00000000f8a4fce8,0x00000000f8f00000)
  to   space 72704K, 0% used [0x00000000fb900000,0x00000000fb900000,0x0000000100000000)
 ParOldGen       total 237568K, used 107156K [0x0000000080000000, 0x000000008e800000, 0x00000000d5580000)
  object space 237568K, 45% used [0x0000000080000000,0x00000000868a52a0,0x000000008e800000)
 Metaspace       used 89407K, capacity 94036K, committed 94232K, reserved 1130496K
  class space    used 11908K, capacity 12783K, committed 12848K, reserved 1048576K
Event: 268.648 GC heap after
Heap after GC invocations=18 (full 4):
 PSYoungGen      total 605696K, used 67882K [0x00000000d5580000, 0x0000000100000000, 0x0000000100000000)
  eden space 532992K, 0% used [0x00000000d5580000,0x00000000d5580000,0x00000000f5e00000)
  from space 72704K, 93% used [0x00000000fb900000,0x00000000ffb4aaf0,0x0000000100000000)
  to   space 82944K, 0% used [0x00000000f5e00000,0x00000000f5e00000,0x00000000faf00000)
 ParOldGen       total 237568K, used 113485K [0x0000000080000000, 0x000000008e800000, 0x00000000d5580000)
  object space 237568K, 47% used [0x0000000080000000,0x0000000086ed3740,0x000000008e800000)
 Metaspace       used 89407K, capacity 94036K, committed 94232K, reserved 1130496K
  class space    used 11908K, capacity 12783K, committed 12848K, reserved 1048576K
}
Event: 401.042 GC heap before
{Heap before GC invocations=19 (full 4):
 PSYoungGen      total 605696K, used 600874K [0x00000000d5580000, 0x0000000100000000, 0x0000000100000000)
  eden space 532992K, 100% used [0x00000000d5580000,0x00000000f5e00000,0x00000000f5e00000)
  from space 72704K, 93% used [0x00000000fb900000,0x00000000ffb4aaf0,0x0000000100000000)
  to   space 82944K, 0% used [0x00000000f5e00000,0x00000000f5e00000,0x00000000faf00000)
 ParOldGen       total 237568K, used 113485K [0x0000000080000000, 0x000000008e800000, 0x00000000d5580000)
  object space 237568K, 47% used [0x0000000080000000,0x0000000086ed3740,0x000000008e800000)
 Metaspace       used 90225K, capacity 95216K, committed 95256K, reserved 1132544K
  class space    used 11943K, capacity 12847K, committed 12848K, reserved 1048576K
Event: 401.172 GC heap after
Heap after GC invocations=19 (full 4):
 PSYoungGen      total 611840K, used 78537K [0x00000000d5580000, 0x0000000100000000, 0x0000000100000000)
  eden space 532992K, 0% used [0x00000000d5580000,0x00000000d5580000,0x00000000f5e00000)
  from space 78848K, 99% used [0x00000000f5e00000,0x00000000faab2768,0x00000000fab00000)
  to   space 87040K, 0% used [0x00000000fab00000,0x00000000fab00000,0x0000000100000000)
 ParOldGen       total 237568K, used 113493K [0x0000000080000000, 0x000000008e800000, 0x00000000d5580000)
  object space 237568K, 47% used [0x0000000080000000,0x0000000086ed5740,0x000000008e800000)
 Metaspace       used 90225K, capacity 95216K, committed 95256K, reserved 1132544K
  class space    used 11943K, capacity 12847K, committed 12848K, reserved 1048576K
}
Event: 504.595 GC heap before
{Heap before GC invocations=20 (full 4):
 PSYoungGen      total 611840K, used 611529K [0x00000000d5580000, 0x0000000100000000, 0x0000000100000000)
  eden space 532992K, 100% used [0x00000000d5580000,0x00000000f5e00000,0x00000000f5e00000)
  from space 78848K, 99% used [0x00000000f5e00000,0x00000000faab2768,0x00000000fab00000)
  to   space 87040K, 0% used [0x00000000fab00000,0x00000000fab00000,0x0000000100000000)
 ParOldGen       total 237568K, used 113493K [0x0000000080000000, 0x000000008e800000, 0x00000000d5580000)
  object space 237568K, 47% used [0x0000000080000000,0x0000000086ed5740,0x000000008e800000)
 Metaspace       used 90650K, capacity 95672K, committed 95896K, reserved 1132544K
  class space    used 11959K, capacity 12875K, committed 12976K, reserved 1048576K
Event: 504.741 GC heap after
Heap after GC invocations=20 (full 4):
 PSYoungGen      total 577024K, used 76334K [0x00000000d5580000, 0x0000000100000000, 0x0000000100000000)
  eden space 489984K, 0% used [0x00000000d5580000,0x00000000d5580000,0x00000000f3400000)
  from space 87040K, 87% used [0x00000000fab00000,0x00000000ff58bac0,0x0000000100000000)
  to   space 104448K, 0% used [0x00000000f3400000,0x00000000f3400000,0x00000000f9a00000)
 ParOldGen       total 237568K, used 113501K [0x0000000080000000, 0x000000008e800000, 0x00000000d5580000)
  object space 237568K, 47% used [0x0000000080000000,0x0000000086ed7740,0x000000008e800000)
 Metaspace       used 90650K, capacity 95672K, committed 95896K, reserved 1132544K
  class space    used 11959K, capacity 12875K, committed 12976K, reserved 1048576K
}
Event: 633.269 GC heap before
{Heap before GC invocations=21 (full 4):
 PSYoungGen      total 577024K, used 566318K [0x00000000d5580000, 0x0000000100000000, 0x0000000100000000)
  eden space 489984K, 100% used [0x00000000d5580000,0x00000000f3400000,0x00000000f3400000)
  from space 87040K, 87% used [0x00000000fab00000,0x00000000ff58bac0,0x0000000100000000)
  to   space 104448K, 0% used [0x00000000f3400000,0x00000000f3400000,0x00000000f9a00000)
 ParOldGen       total 237568K, used 113501K [0x0000000080000000, 0x000000008e800000, 0x00000000d5580000)
  object space 237568K, 47% used [0x0000000080000000,0x0000000086ed7740,0x000000008e800000)
 Metaspace       used 91519K, capacity 97442K, committed 97688K, reserved 1134592K
  class space    used 12100K, capacity 13136K, committed 13232K, reserved 1048576K

