# JRE version: OpenJDK Runtime Environment (8.0_242) (build 1.8.0_242-release-1644-b3-6222593)
# Java VM: OpenJDK 64-Bit Server VM (25.242-b3-6222593 mixed mode linux-amd64 compressed oops)
Heap:
 PSYoungGen      total 614400K, used 460414K [0x00000000d5580000, 0x0000000100000000, 0x0000000100000000)
  eden space 535040K, 84% used [0x00000000d5580000,0x00000000f0ef3a90,0x00000000f6000000)
  from space 79360K, 10% used [0x00000000f6000000,0x00000000f682c168,0x00000000fad80000)
  to   space 77824K, 0% used [0x00000000fb400000,0x00000000fb400000,0x0000000100000000)
 ParOldGen       total 303616K, used 143745K [0x0000000080000000, 0x0000000092880000, 0x00000000d5580000)
  object space 303616K, 47% used [0x0000000080000000,0x0000000088c60600,0x0000000092880000)
 Metaspace       used 115361K, capacity 121274K, committed 121640K, reserved 1155072K
  class space    used 14908K, capacity 16071K, committed 16176K, reserved 1048576K
GC Heap History (10 events):
Event: 590.769 GC heap before
{Heap before GC invocations=24 (full 4):
 PSYoungGen      total 474624K, used 474600K [0x00000000d5580000, 0x00000000fbf80000, 0x0000000100000000)
  eden space 427008K, 100% used [0x00000000d5580000,0x00000000ef680000,0x00000000ef680000)
  from space 47616K, 99% used [0x00000000ef680000,0x00000000f24fa270,0x00000000f2500000)
  to   space 63488K, 0% used [0x00000000f8180000,0x00000000f8180000,0x00000000fbf80000)
 ParOldGen       total 183296K, used 84974K [0x0000000080000000, 0x000000008b300000, 0x00000000d5580000)
  object space 183296K, 46% used [0x0000000080000000,0x00000000852fb868,0x000000008b300000)
 Metaspace       used 114374K, capacity 120404K, committed 120616K, reserved 1153024K
  class space    used 14930K, capacity 16128K, committed 16176K, reserved 1048576K
Event: 590.922 GC heap after
Heap after GC invocations=24 (full 4):
 PSYoungGen      total 550400K, used 63465K [0x00000000d5580000, 0x00000000fec00000, 0x0000000100000000)
  eden space 486912K, 0% used [0x00000000d5580000,0x00000000d5580000,0x00000000f3100000)
  from space 63488K, 99% used [0x00000000f8180000,0x00000000fbf7a6c0,0x00000000fbf80000)
  to   space 82432K, 0% used [0x00000000f3100000,0x00000000f3100000,0x00000000f8180000)
 ParOldGen       total 183296K, used 106420K [0x0000000080000000, 0x000000008b300000, 0x00000000d5580000)
  object space 183296K, 58% used [0x0000000080000000,0x00000000867ed278,0x000000008b300000)
 Metaspace       used 114374K, capacity 120404K, committed 120616K, reserved 1153024K
  class space    used 14930K, capacity 16128K, committed 16176K, reserved 1048576K
}
Event: 593.643 GC heap before
{Heap before GC invocations=25 (full 4):
 PSYoungGen      total 550400K, used 550377K [0x00000000d5580000, 0x00000000fec00000, 0x0000000100000000)
  eden space 486912K, 100% used [0x00000000d5580000,0x00000000f3100000,0x00000000f3100000)
  from space 63488K, 99% used [0x00000000f8180000,0x00000000fbf7a6c0,0x00000000fbf80000)
  to   space 82432K, 0% used [0x00000000f3100000,0x00000000f3100000,0x00000000f8180000)
 ParOldGen       total 183296K, used 106420K [0x0000000080000000, 0x000000008b300000, 0x00000000d5580000)
  object space 183296K, 58% used [0x0000000080000000,0x00000000867ed278,0x000000008b300000)
 Metaspace       used 114992K, capacity 121050K, committed 121128K, reserved 1155072K
  class space    used 14938K, capacity 16131K, committed 16176K, reserved 1048576K
Event: 593.734 GC heap after
Heap after GC invocations=25 (full 4):
 PSYoungGen      total 569344K, used 41315K [0x00000000d5580000, 0x0000000100000000, 0x0000000100000000)
  eden space 486912K, 0% used [0x00000000d5580000,0x00000000d5580000,0x00000000f3100000)
  from space 82432K, 50% used [0x00000000f3100000,0x00000000f5958d80,0x00000000f8180000)
  to   space 81408K, 0% used [0x00000000fb080000,0x00000000fb080000,0x0000000100000000)
 ParOldGen       total 183296K, used 133983K [0x0000000080000000, 0x000000008b300000, 0x00000000d5580000)
  object space 183296K, 73% used [0x0000000080000000,0x00000000882d7e58,0x000000008b300000)
 Metaspace       used 114992K, capacity 121050K, committed 121128K, reserved 1155072K
  class space    used 14938K, capacity 16131K, committed 16176K, reserved 1048576K
}
Event: 595.606 GC heap before
{Heap before GC invocations=26 (full 4):
 PSYoungGen      total 569344K, used 528227K [0x00000000d5580000, 0x0000000100000000, 0x0000000100000000)
  eden space 486912K, 100% used [0x00000000d5580000,0x00000000f3100000,0x00000000f3100000)
  from space 82432K, 50% used [0x00000000f3100000,0x00000000f5958d80,0x00000000f8180000)
  to   space 81408K, 0% used [0x00000000fb080000,0x00000000fb080000,0x0000000100000000)
 ParOldGen       total 183296K, used 133983K [0x0000000080000000, 0x000000008b300000, 0x00000000d5580000)
  object space 183296K, 73% used [0x0000000080000000,0x00000000882d7e58,0x000000008b300000)
 Metaspace       used 115305K, capacity 121364K, committed 121640K, reserved 1155072K
  class space    used 14940K, capacity 16132K, committed 16176K, reserved 1048576K
Event: 595.689 GC heap after
Heap after GC invocations=26 (full 4):
 PSYoungGen      total 611328K, used 13361K [0x00000000d5580000, 0x00000000ffb00000, 0x0000000100000000)
  eden space 535040K, 0% used [0x00000000d5580000,0x00000000d5580000,0x00000000f6000000)
  from space 76288K, 17% used [0x00000000fb080000,0x00000000fbd8c550,0x00000000ffb00000)
  to   space 79360K, 0% used [0x00000000f6000000,0x00000000f6000000,0x00000000fad80000)
 ParOldGen       total 183296K, used 166632K [0x0000000080000000, 0x000000008b300000, 0x00000000d5580000)
  object space 183296K, 90% used [0x0000000080000000,0x000000008a2ba338,0x000000008b300000)
 Metaspace       used 115305K, capacity 121364K, committed 121640K, reserved 1155072K
  class space    used 14940K, capacity 16132K, committed 16176K, reserved 1048576K
}
Event: 595.689 GC heap before
{Heap before GC invocations=27 (full 5):
 PSYoungGen      total 611328K, used 13361K [0x00000000d5580000, 0x00000000ffb00000, 0x0000000100000000)
  eden space 535040K, 0% used [0x00000000d5580000,0x00000000d5580000,0x00000000f6000000)
  from space 76288K, 17% used [0x00000000fb080000,0x00000000fbd8c550,0x00000000ffb00000)
  to   space 79360K, 0% used [0x00000000f6000000,0x00000000f6000000,0x00000000fad80000)
 ParOldGen       total 183296K, used 166632K [0x0000000080000000, 0x000000008b300000, 0x00000000d5580000)
  object space 183296K, 90% used [0x0000000080000000,0x000000008a2ba338,0x000000008b300000)
 Metaspace       used 115305K, capacity 121364K, committed 121640K, reserved 1155072K
  class space    used 14940K, capacity 16132K, committed 16176K, reserved 1048576K
Event: 596.514 GC heap after
Heap after GC invocations=27 (full 5):
 PSYoungGen      total 611328K, used 0K [0x00000000d5580000, 0x00000000ffb00000, 0x0000000100000000)
  eden space 535040K, 0% used [0x00000000d5580000,0x00000000d5580000,0x00000000f6000000)
  from space 76288K, 0% used [0x00000000fb080000,0x00000000fb080000,0x00000000ffb00000)
  to   space 79360K, 0% used [0x00000000f6000000,0x00000000f6000000,0x00000000fad80000)
 ParOldGen       total 303616K, used 143737K [0x0000000080000000, 0x0000000092880000, 0x00000000d5580000)
  object space 303616K, 47% used [0x0000000080000000,0x0000000088c5e600,0x0000000092880000)
 Metaspace       used 115187K, capacity 121056K, committed 121640K, reserved 1155072K
  class space    used 14898K, capacity 16060K, committed 16176K, reserved 1048576K
}
Event: 598.153 GC heap before
{Heap before GC invocations=28 (full 5):
 PSYoungGen      total 611328K, used 535040K [0x00000000d5580000, 0x00000000ffb00000, 0x0000000100000000)
  eden space 535040K, 100% used [0x00000000d5580000,0x00000000f6000000,0x00000000f6000000)
  from space 76288K, 0% used [0x00000000fb080000,0x00000000fb080000,0x00000000ffb00000)
  to   space 79360K, 0% used [0x00000000f6000000,0x00000000f6000000,0x00000000fad80000)
 ParOldGen       total 303616K, used 143737K [0x0000000080000000, 0x0000000092880000, 0x00000000d5580000)
  object space 303616K, 47% used [0x0000000080000000,0x0000000088c5e600,0x0000000092880000)
 Metaspace       used 115212K, capacity 121128K, committed 121640K, reserved 1155072K
  class space    used 14900K, capacity 16060K, committed 16176K, reserved 1048576K
Event: 598.184 GC heap after
Heap after GC invocations=28 (full 5):
 PSYoungGen      total 614400K, used 8368K [0x00000000d5580000, 0x0000000100000000, 0x0000000100000000)
  eden space 535040K, 0% used [0x00000000d5580000,0x00000000d5580000,0x00000000f6000000)
  from space 79360K, 10% used [0x00000000f6000000,0x00000000f682c168,0x00000000fad80000)
  to   space 77824K, 0% used [0x00000000fb400000,0x00000000fb400000,0x0000000100000000)
 ParOldGen       total 303616K, used 143745K [0x0000000080000000, 0x0000000092880000, 0x00000000d5580000)
  object space 303616K, 47% used [0x0000000080000000,0x0000000088c60600,0x0000000092880000)
 Metaspace       used 115212K, capacity 121128K, committed 121640K, reserved 1155072K
  class space    used 14900K, capacity 16060K, committed 16176K, reserved 1048576K
}

