# JRE version: OpenJDK Runtime Environment (8.0_242) (build 1.8.0_242-release-1644-b3-6222593)
# Java VM: OpenJDK 64-Bit Server VM (25.242-b3-6222593 mixed mode linux-amd64 compressed oops)
Heap:
 PSYoungGen      total 577536K, used 313331K [0x00000000d5580000, 0x0000000100000000, 0x0000000100000000)
  eden space 478720K, 47% used [0x00000000d5580000,0x00000000e333c100,0x00000000f2900000)
  from space 98816K, 87% used [0x00000000f9f80000,0x00000000ff3c0c48,0x0000000100000000)
  to   space 110080K, 0% used [0x00000000f2900000,0x00000000f2900000,0x00000000f9480000)
 ParOldGen       total 300544K, used 122011K [0x0000000080000000, 0x0000000092580000, 0x00000000d5580000)
  object space 300544K, 40% used [0x0000000080000000,0x0000000087726cb8,0x0000000092580000)
 Metaspace       used 112002K, capacity 118058K, committed 119256K, reserved 1153024K
  class space    used 14432K, capacity 15540K, committed 15872K, reserved 1048576K
GC Heap History (10 events):
Event: 1645.313 GC heap before
{Heap before GC invocations=23 (full 4):
 PSYoungGen      total 534528K, used 515781K [0x00000000d5580000, 0x00000000fa780000, 0x0000000100000000)
  eden space 483328K, 100% used [0x00000000d5580000,0x00000000f2d80000,0x00000000f2d80000)
  from space 51200K, 63% used [0x00000000f7580000,0x00000000f9531550,0x00000000fa780000)
  to   space 62464K, 0% used [0x00000000f2d80000,0x00000000f2d80000,0x00000000f6a80000)
 ParOldGen       total 194560K, used 125037K [0x0000000080000000, 0x000000008be00000, 0x00000000d5580000)
  object space 194560K, 64% used [0x0000000080000000,0x0000000087a1b5e8,0x000000008be00000)
 Metaspace       used 111438K, capacity 117608K, committed 117848K, reserved 1150976K
  class space    used 14523K, capacity 15706K, committed 15744K, reserved 1048576K
Event: 1645.454 GC heap after
Heap after GC invocations=23 (full 4):
 PSYoungGen      total 545792K, used 41876K [0x00000000d5580000, 0x00000000fd680000, 0x0000000100000000)
  eden space 483328K, 0% used [0x00000000d5580000,0x00000000d5580000,0x00000000f2d80000)
  from space 62464K, 67% used [0x00000000f2d80000,0x00000000f56652e8,0x00000000f6a80000)
  to   space 65024K, 0% used [0x00000000f9700000,0x00000000f9700000,0x00000000fd680000)
 ParOldGen       total 194560K, used 125045K [0x0000000080000000, 0x000000008be00000, 0x00000000d5580000)
  object space 194560K, 64% used [0x0000000080000000,0x0000000087a1d5e8,0x000000008be00000)
 Metaspace       used 111438K, capacity 117608K, committed 117848K, reserved 1150976K
  class space    used 14523K, capacity 15706K, committed 15744K, reserved 1048576K
}
Event: 1650.538 GC heap before
{Heap before GC invocations=24 (full 4):
 PSYoungGen      total 545792K, used 525204K [0x00000000d5580000, 0x00000000fd680000, 0x0000000100000000)
  eden space 483328K, 100% used [0x00000000d5580000,0x00000000f2d80000,0x00000000f2d80000)
  from space 62464K, 67% used [0x00000000f2d80000,0x00000000f56652e8,0x00000000f6a80000)
  to   space 65024K, 0% used [0x00000000f9700000,0x00000000f9700000,0x00000000fd680000)
 ParOldGen       total 194560K, used 125045K [0x0000000080000000, 0x000000008be00000, 0x00000000d5580000)
  object space 194560K, 64% used [0x0000000080000000,0x0000000087a1d5e8,0x000000008be00000)
 Metaspace       used 111876K, capacity 118044K, committed 118104K, reserved 1150976K
  class space    used 14533K, capacity 15722K, committed 15744K, reserved 1048576K
Event: 1650.764 GC heap after
Heap after GC invocations=24 (full 4):
 PSYoungGen      total 569344K, used 65009K [0x00000000d5580000, 0x0000000100000000, 0x0000000100000000)
  eden space 504320K, 0% used [0x00000000d5580000,0x00000000d5580000,0x00000000f4200000)
  from space 65024K, 99% used [0x00000000f9700000,0x00000000fd67c680,0x00000000fd680000)
  to   space 87040K, 0% used [0x00000000f4200000,0x00000000f4200000,0x00000000f9700000)
 ParOldGen       total 194560K, used 157537K [0x0000000080000000, 0x000000008be00000, 0x00000000d5580000)
  object space 194560K, 80% used [0x0000000080000000,0x00000000899d8570,0x000000008be00000)
 Metaspace       used 111876K, capacity 118044K, committed 118104K, reserved 1150976K
  class space    used 14533K, capacity 15722K, committed 15744K, reserved 1048576K
}
Event: 2512.182 GC heap before
{Heap before GC invocations=25 (full 4):
 PSYoungGen      total 569344K, used 569305K [0x00000000d5580000, 0x0000000100000000, 0x0000000100000000)
  eden space 504320K, 99% used [0x00000000d5580000,0x00000000f41f9e58,0x00000000f4200000)
  from space 65024K, 99% used [0x00000000f9700000,0x00000000fd67c680,0x00000000fd680000)
  to   space 87040K, 0% used [0x00000000f4200000,0x00000000f4200000,0x00000000f9700000)
 ParOldGen       total 194560K, used 157537K [0x0000000080000000, 0x000000008be00000, 0x00000000d5580000)
  object space 194560K, 80% used [0x0000000080000000,0x00000000899d8570,0x000000008be00000)
 Metaspace       used 112356K, capacity 118828K, committed 119000K, reserved 1153024K
  class space    used 14562K, capacity 15774K, committed 15872K, reserved 1048576K
Event: 2512.432 GC heap after
Heap after GC invocations=25 (full 4):
 PSYoungGen      total 591360K, used 79928K [0x00000000d5580000, 0x0000000100000000, 0x0000000100000000)
  eden space 504320K, 0% used [0x00000000d5580000,0x00000000d5580000,0x00000000f4200000)
  from space 87040K, 91% used [0x00000000f4200000,0x00000000f900e238,0x00000000f9700000)
  to   space 98816K, 0% used [0x00000000f9f80000,0x00000000f9f80000,0x0000000100000000)
 ParOldGen       total 194560K, used 176996K [0x0000000080000000, 0x000000008be00000, 0x00000000d5580000)
  object space 194560K, 90% used [0x0000000080000000,0x000000008acd9318,0x000000008be00000)
 Metaspace       used 112356K, capacity 118828K, committed 119000K, reserved 1153024K
  class space    used 14562K, capacity 15774K, committed 15872K, reserved 1048576K
}
Event: 2512.432 GC heap before
{Heap before GC invocations=26 (full 5):
 PSYoungGen      total 591360K, used 79928K [0x00000000d5580000, 0x0000000100000000, 0x0000000100000000)
  eden space 504320K, 0% used [0x00000000d5580000,0x00000000d5580000,0x00000000f4200000)
  from space 87040K, 91% used [0x00000000f4200000,0x00000000f900e238,0x00000000f9700000)
  to   space 98816K, 0% used [0x00000000f9f80000,0x00000000f9f80000,0x0000000100000000)
 ParOldGen       total 194560K, used 176996K [0x0000000080000000, 0x000000008be00000, 0x00000000d5580000)
  object space 194560K, 90% used [0x0000000080000000,0x000000008acd9318,0x000000008be00000)
 Metaspace       used 112356K, capacity 118828K, committed 119000K, reserved 1153024K
  class space    used 14562K, capacity 15774K, committed 15872K, reserved 1048576K
Event: 2513.092 GC heap after
Heap after GC invocations=26 (full 5):
 PSYoungGen      total 591360K, used 0K [0x00000000d5580000, 0x0000000100000000, 0x0000000100000000)
  eden space 504320K, 0% used [0x00000000d5580000,0x00000000d5580000,0x00000000f4200000)
  from space 87040K, 0% used [0x00000000f4200000,0x00000000f4200000,0x00000000f9700000)
  to   space 98816K, 0% used [0x00000000f9f80000,0x00000000f9f80000,0x0000000100000000)
 ParOldGen       total 300544K, used 122003K [0x0000000080000000, 0x0000000092580000, 0x00000000d5580000)
  object space 300544K, 40% used [0x0000000080000000,0x0000000087724cb8,0x0000000092580000)
 Metaspace       used 111490K, capacity 117318K, committed 119000K, reserved 1153024K
  class space    used 14385K, capacity 15452K, committed 15872K, reserved 1048576K
}
Event: 2709.946 GC heap before
{Heap before GC invocations=27 (full 5):
 PSYoungGen      total 591360K, used 504320K [0x00000000d5580000, 0x0000000100000000, 0x0000000100000000)
  eden space 504320K, 100% used [0x00000000d5580000,0x00000000f4200000,0x00000000f4200000)
  from space 87040K, 0% used [0x00000000f4200000,0x00000000f4200000,0x00000000f9700000)
  to   space 98816K, 0% used [0x00000000f9f80000,0x00000000f9f80000,0x0000000100000000)
 ParOldGen       total 300544K, used 122003K [0x0000000080000000, 0x0000000092580000, 0x00000000d5580000)
  object space 300544K, 40% used [0x0000000080000000,0x0000000087724cb8,0x0000000092580000)
 Metaspace       used 111984K, capacity 118052K, committed 119256K, reserved 1153024K
  class space    used 14431K, capacity 15539K, committed 15872K, reserved 1048576K
Event: 2710.103 GC heap after
Heap after GC invocations=27 (full 5):
 PSYoungGen      total 577536K, used 86275K [0x00000000d5580000, 0x0000000100000000, 0x0000000100000000)
  eden space 478720K, 0% used [0x00000000d5580000,0x00000000d5580000,0x00000000f2900000)
  from space 98816K, 87% used [0x00000000f9f80000,0x00000000ff3c0c48,0x0000000100000000)
  to   space 110080K, 0% used [0x00000000f2900000,0x00000000f2900000,0x00000000f9480000)
 ParOldGen       total 300544K, used 122011K [0x0000000080000000, 0x0000000092580000, 0x00000000d5580000)
  object space 300544K, 40% used [0x0000000080000000,0x0000000087726cb8,0x0000000092580000)
 Metaspace       used 111984K, capacity 118052K, committed 119256K, reserved 1153024K
  class space    used 14431K, capacity 15539K, committed 15872K, reserved 1048576K
}

