# JRE version: OpenJDK Runtime Environment (8.0_242) (build 1.8.0_242-release-1644-b3-6222593)
# Java VM: OpenJDK 64-Bit Server VM (25.242-b3-6222593 mixed mode linux-amd64 compressed oops)
Heap:
 PSYoungGen      total 531968K, used 94638K [0x00000000d5580000, 0x00000000fed80000, 0x0000000100000000)
  eden space 473088K, 7% used [0x00000000d5580000,0x00000000d7871f98,0x00000000f2380000)
  from space 58880K, 99% used [0x00000000f7780000,0x00000000fb0f9918,0x00000000fb100000)
  to   space 86016K, 0% used [0x00000000f2380000,0x00000000f2380000,0x00000000f7780000)
 ParOldGen       total 164352K, used 107649K [0x0000000080000000, 0x000000008a080000, 0x00000000d5580000)
  object space 164352K, 65% used [0x0000000080000000,0x0000000086920660,0x000000008a080000)
 Metaspace       used 87559K, capacity 91912K, committed 92056K, reserved 1128448K
  class space    used 11814K, capacity 12643K, committed 12720K, reserved 1048576K
GC Heap History (10 events):
Event: 18.092 GC heap before
{Heap before GC invocations=14 (full 3):
 PSYoungGen      total 336896K, used 318976K [0x00000000d5580000, 0x00000000ebb00000, 0x0000000100000000)
  eden space 318976K, 100% used [0x00000000d5580000,0x00000000e8d00000,0x00000000e8d00000)
  from space 17920K, 0% used [0x00000000ea480000,0x00000000ea480000,0x00000000eb600000)
  to   space 23552K, 0% used [0x00000000e8d00000,0x00000000e8d00000,0x00000000ea400000)
 ParOldGen       total 104960K, used 38531K [0x0000000080000000, 0x0000000086680000, 0x00000000d5580000)
  object space 104960K, 36% used [0x0000000080000000,0x00000000825a0c38,0x0000000086680000)
 Metaspace       used 66816K, capacity 69996K, committed 70296K, reserved 1110016K
  class space    used 9233K, capacity 9844K, committed 9904K, reserved 1048576K
Event: 18.137 GC heap after
Heap after GC invocations=14 (full 3):
 PSYoungGen      total 342528K, used 23551K [0x00000000d5580000, 0x00000000f2e80000, 0x0000000100000000)
  eden space 318976K, 0% used [0x00000000d5580000,0x00000000d5580000,0x00000000e8d00000)
  from space 23552K, 99% used [0x00000000e8d00000,0x00000000ea3ffc70,0x00000000ea400000)
  to   space 33280K, 0% used [0x00000000f0e00000,0x00000000f0e00000,0x00000000f2e80000)
 ParOldGen       total 104960K, used 54574K [0x0000000080000000, 0x0000000086680000, 0x00000000d5580000)
  object space 104960K, 51% used [0x0000000080000000,0x000000008354b920,0x0000000086680000)
 Metaspace       used 66816K, capacity 69996K, committed 70296K, reserved 1110016K
  class space    used 9233K, capacity 9844K, committed 9904K, reserved 1048576K
}
Event: 23.630 GC heap before
{Heap before GC invocations=15 (full 3):
 PSYoungGen      total 342528K, used 342527K [0x00000000d5580000, 0x00000000f2e80000, 0x0000000100000000)
  eden space 318976K, 100% used [0x00000000d5580000,0x00000000e8d00000,0x00000000e8d00000)
  from space 23552K, 99% used [0x00000000e8d00000,0x00000000ea3ffc70,0x00000000ea400000)
  to   space 33280K, 0% used [0x00000000f0e00000,0x00000000f0e00000,0x00000000f2e80000)
 ParOldGen       total 104960K, used 54574K [0x0000000080000000, 0x0000000086680000, 0x00000000d5580000)
  object space 104960K, 51% used [0x0000000080000000,0x000000008354b920,0x0000000086680000)
 Metaspace       used 73879K, capacity 77722K, committed 77848K, reserved 1116160K
  class space    used 10292K, capacity 11045K, committed 11056K, reserved 1048576K
Event: 23.771 GC heap after
Heap after GC invocations=15 (full 3):
 PSYoungGen      total 428544K, used 33265K [0x00000000d5580000, 0x00000000f5380000, 0x0000000100000000)
  eden space 395264K, 0% used [0x00000000d5580000,0x00000000d5580000,0x00000000ed780000)
  from space 33280K, 99% used [0x00000000f0e00000,0x00000000f2e7c760,0x00000000f2e80000)
  to   space 55808K, 0% used [0x00000000ed780000,0x00000000ed780000,0x00000000f0e00000)
 ParOldGen       total 104960K, used 101341K [0x0000000080000000, 0x0000000086680000, 0x00000000d5580000)
  object space 104960K, 96% used [0x0000000080000000,0x00000000862f7440,0x0000000086680000)
 Metaspace       used 73879K, capacity 77722K, committed 77848K, reserved 1116160K
  class space    used 10292K, capacity 11045K, committed 11056K, reserved 1048576K
}
Event: 23.771 GC heap before
{Heap before GC invocations=16 (full 4):
 PSYoungGen      total 428544K, used 33265K [0x00000000d5580000, 0x00000000f5380000, 0x0000000100000000)
  eden space 395264K, 0% used [0x00000000d5580000,0x00000000d5580000,0x00000000ed780000)
  from space 33280K, 99% used [0x00000000f0e00000,0x00000000f2e7c760,0x00000000f2e80000)
  to   space 55808K, 0% used [0x00000000ed780000,0x00000000ed780000,0x00000000f0e00000)
 ParOldGen       total 104960K, used 101341K [0x0000000080000000, 0x0000000086680000, 0x00000000d5580000)
  object space 104960K, 96% used [0x0000000080000000,0x00000000862f7440,0x0000000086680000)
 Metaspace       used 73879K, capacity 77722K, committed 77848K, reserved 1116160K
  class space    used 10292K, capacity 11045K, committed 11056K, reserved 1048576K
Event: 24.070 GC heap after
Heap after GC invocations=16 (full 4):
 PSYoungGen      total 428544K, used 0K [0x00000000d5580000, 0x00000000f5380000, 0x0000000100000000)
  eden space 395264K, 0% used [0x00000000d5580000,0x00000000d5580000,0x00000000ed780000)
  from space 33280K, 0% used [0x00000000f0e00000,0x00000000f0e00000,0x00000000f2e80000)
  to   space 55808K, 0% used [0x00000000ed780000,0x00000000ed780000,0x00000000f0e00000)
 ParOldGen       total 164352K, used 60891K [0x0000000080000000, 0x000000008a080000, 0x00000000d5580000)
  object space 164352K, 37% used [0x0000000080000000,0x0000000083b76d40,0x000000008a080000)
 Metaspace       used 73797K, capacity 77486K, committed 77848K, reserved 1116160K
  class space    used 10265K, capacity 10997K, committed 11056K, reserved 1048576K
}
Event: 743.593 GC heap before
{Heap before GC invocations=17 (full 4):
 PSYoungGen      total 428544K, used 395264K [0x00000000d5580000, 0x00000000f5380000, 0x0000000100000000)
  eden space 395264K, 100% used [0x00000000d5580000,0x00000000ed780000,0x00000000ed780000)
  from space 33280K, 0% used [0x00000000f0e00000,0x00000000f0e00000,0x00000000f2e80000)
  to   space 55808K, 0% used [0x00000000ed780000,0x00000000ed780000,0x00000000f0e00000)
 ParOldGen       total 164352K, used 60891K [0x0000000080000000, 0x000000008a080000, 0x00000000d5580000)
  object space 164352K, 37% used [0x0000000080000000,0x0000000083b76d40,0x000000008a080000)
 Metaspace       used 85065K, capacity 89172K, committed 89368K, reserved 1126400K
  class space    used 11452K, capacity 12253K, committed 12336K, reserved 1048576K
Event: 743.657 GC heap after
Heap after GC invocations=17 (full 4):
 PSYoungGen      total 451072K, used 38058K [0x00000000d5580000, 0x00000000fb100000, 0x0000000100000000)
  eden space 395264K, 0% used [0x00000000d5580000,0x00000000d5580000,0x00000000ed780000)
  from space 55808K, 68% used [0x00000000ed780000,0x00000000efcaa840,0x00000000f0e00000)
  to   space 58880K, 0% used [0x00000000f7780000,0x00000000f7780000,0x00000000fb100000)
 ParOldGen       total 164352K, used 60899K [0x0000000080000000, 0x000000008a080000, 0x00000000d5580000)
  object space 164352K, 37% used [0x0000000080000000,0x0000000083b78d40,0x000000008a080000)
 Metaspace       used 85065K, capacity 89172K, committed 89368K, reserved 1126400K
  class space    used 11452K, capacity 12253K, committed 12336K, reserved 1048576K
}
Event: 747.375 GC heap before
{Heap before GC invocations=18 (full 4):
 PSYoungGen      total 451072K, used 433322K [0x00000000d5580000, 0x00000000fb100000, 0x0000000100000000)
  eden space 395264K, 100% used [0x00000000d5580000,0x00000000ed780000,0x00000000ed780000)
  from space 55808K, 68% used [0x00000000ed780000,0x00000000efcaa840,0x00000000f0e00000)
  to   space 58880K, 0% used [0x00000000f7780000,0x00000000f7780000,0x00000000fb100000)
 ParOldGen       total 164352K, used 60899K [0x0000000080000000, 0x000000008a080000, 0x00000000d5580000)
  object space 164352K, 37% used [0x0000000080000000,0x0000000083b78d40,0x000000008a080000)
 Metaspace       used 87551K, capacity 91912K, committed 92056K, reserved 1128448K
  class space    used 11814K, capacity 12643K, committed 12720K, reserved 1048576K
Event: 747.603 GC heap after
Heap after GC invocations=18 (full 4):
 PSYoungGen      total 531968K, used 58854K [0x00000000d5580000, 0x00000000fed80000, 0x0000000100000000)
  eden space 473088K, 0% used [0x00000000d5580000,0x00000000d5580000,0x00000000f2380000)
  from space 58880K, 99% used [0x00000000f7780000,0x00000000fb0f9918,0x00000000fb100000)
  to   space 86016K, 0% used [0x00000000f2380000,0x00000000f2380000,0x00000000f7780000)
 ParOldGen       total 164352K, used 107649K [0x0000000080000000, 0x000000008a080000, 0x00000000d5580000)
  object space 164352K, 65% used [0x0000000080000000,0x0000000086920660,0x000000008a080000)
 Metaspace       used 87551K, capacity 91912K, committed 92056K, reserved 1128448K
  class space    used 11814K, capacity 12643K, committed 12720K, reserved 1048576K
}

