# JRE version: OpenJDK Runtime Environment (8.0_242) (build 1.8.0_242-release-1644-b3-6222593)
# Java VM: OpenJDK 64-Bit Server VM (25.242-b3-6222593 mixed mode linux-amd64 compressed oops)
Heap:
 PSYoungGen      total 275456K, used 39922K [0x00000000d5580000, 0x00000000efa80000, 0x0000000100000000)
  eden space 235520K, 0% used [0x00000000d5580000,0x00000000d5580000,0x00000000e3b80000)
  from space 39936K, 99% used [0x00000000e3b80000,0x00000000e627cb48,0x00000000e6280000)
  to   space 67072K, 0% used [0x00000000eb900000,0x00000000eb900000,0x00000000efa80000)
 ParOldGen       total 143360K, used 119927K [0x0000000080000000, 0x0000000088c00000, 0x00000000d5580000)
  object space 143360K, 83% used [0x0000000080000000,0x000000008751dc28,0x0000000088c00000)
 Metaspace       used 80328K, capacity 84576K, committed 84632K, reserved 1122304K
  class space    used 11130K, capacity 11937K, committed 11952K, reserved 1048576K
GC Heap History (10 events):
Event: 12.370 GC heap after
Heap after GC invocations=14 (full 3):
 PSYoungGen      total 180736K, used 0K [0x00000000d5580000, 0x00000000e4d80000, 0x0000000100000000)
  eden space 163840K, 0% used [0x00000000d5580000,0x00000000d5580000,0x00000000df580000)
  from space 16896K, 0% used [0x00000000df580000,0x00000000df580000,0x00000000e0600000)
  to   space 21504K, 0% used [0x00000000e3880000,0x00000000e3880000,0x00000000e4d80000)
 ParOldGen       total 143360K, used 36145K [0x0000000080000000, 0x0000000088c00000, 0x00000000d5580000)
  object space 143360K, 25% used [0x0000000080000000,0x000000008234c7e8,0x0000000088c00000)
 Metaspace       used 56629K, capacity 58938K, committed 59160K, reserved 1099776K
  class space    used 7752K, capacity 8221K, committed 8240K, reserved 1048576K
}
Event: 15.726 GC heap before
{Heap before GC invocations=15 (full 3):
 PSYoungGen      total 180736K, used 163840K [0x00000000d5580000, 0x00000000e4d80000, 0x0000000100000000)
  eden space 163840K, 100% used [0x00000000d5580000,0x00000000df580000,0x00000000df580000)
  from space 16896K, 0% used [0x00000000df580000,0x00000000df580000,0x00000000e0600000)
  to   space 21504K, 0% used [0x00000000e3880000,0x00000000e3880000,0x00000000e4d80000)
 ParOldGen       total 143360K, used 36145K [0x0000000080000000, 0x0000000088c00000, 0x00000000d5580000)
  object space 143360K, 25% used [0x0000000080000000,0x000000008234c7e8,0x0000000088c00000)
 Metaspace       used 63369K, capacity 66264K, committed 66456K, reserved 1105920K
  class space    used 8759K, capacity 9308K, committed 9392K, reserved 1048576K
Event: 15.755 GC heap after
Heap after GC invocations=15 (full 3):
 PSYoungGen      total 217600K, used 15431K [0x00000000d5580000, 0x00000000e4800000, 0x0000000100000000)
  eden space 201728K, 0% used [0x00000000d5580000,0x00000000d5580000,0x00000000e1a80000)
  from space 15872K, 97% used [0x00000000e3880000,0x00000000e4791c70,0x00000000e4800000)
  to   space 22528K, 0% used [0x00000000e1c00000,0x00000000e1c00000,0x00000000e3200000)
 ParOldGen       total 143360K, used 36153K [0x0000000080000000, 0x0000000088c00000, 0x00000000d5580000)
  object space 143360K, 25% used [0x0000000080000000,0x000000008234e7e8,0x0000000088c00000)
 Metaspace       used 63369K, capacity 66264K, committed 66456K, reserved 1105920K
  class space    used 8759K, capacity 9308K, committed 9392K, reserved 1048576K
}
Event: 18.811 GC heap before
{Heap before GC invocations=16 (full 3):
 PSYoungGen      total 217600K, used 217159K [0x00000000d5580000, 0x00000000e4800000, 0x0000000100000000)
  eden space 201728K, 100% used [0x00000000d5580000,0x00000000e1a80000,0x00000000e1a80000)
  from space 15872K, 97% used [0x00000000e3880000,0x00000000e4791c70,0x00000000e4800000)
  to   space 22528K, 0% used [0x00000000e1c00000,0x00000000e1c00000,0x00000000e3200000)
 ParOldGen       total 143360K, used 36153K [0x0000000080000000, 0x0000000088c00000, 0x00000000d5580000)
  object space 143360K, 25% used [0x0000000080000000,0x000000008234e7e8,0x0000000088c00000)
 Metaspace       used 70578K, capacity 73860K, committed 74008K, reserved 1114112K
  class space    used 9627K, capacity 10271K, committed 10288K, reserved 1048576K
Event: 18.874 GC heap after
Heap after GC invocations=16 (full 3):
 PSYoungGen      total 225792K, used 22497K [0x00000000d5580000, 0x00000000e7e80000, 0x0000000100000000)
  eden space 203264K, 0% used [0x00000000d5580000,0x00000000d5580000,0x00000000e1c00000)
  from space 22528K, 99% used [0x00000000e1c00000,0x00000000e31f86f8,0x00000000e3200000)
  to   space 28672K, 0% used [0x00000000e6280000,0x00000000e6280000,0x00000000e7e80000)
 ParOldGen       total 143360K, used 45021K [0x0000000080000000, 0x0000000088c00000, 0x00000000d5580000)
  object space 143360K, 31% used [0x0000000080000000,0x0000000082bf74f8,0x0000000088c00000)
 Metaspace       used 70578K, capacity 73860K, committed 74008K, reserved 1114112K
  class space    used 9627K, capacity 10271K, committed 10288K, reserved 1048576K
}
Event: 20.920 GC heap before
{Heap before GC invocations=17 (full 3):
 PSYoungGen      total 225792K, used 225761K [0x00000000d5580000, 0x00000000e7e80000, 0x0000000100000000)
  eden space 203264K, 100% used [0x00000000d5580000,0x00000000e1c00000,0x00000000e1c00000)
  from space 22528K, 99% used [0x00000000e1c00000,0x00000000e31f86f8,0x00000000e3200000)
  to   space 28672K, 0% used [0x00000000e6280000,0x00000000e6280000,0x00000000e7e80000)
 ParOldGen       total 143360K, used 45021K [0x0000000080000000, 0x0000000088c00000, 0x00000000d5580000)
  object space 143360K, 31% used [0x0000000080000000,0x0000000082bf74f8,0x0000000088c00000)
 Metaspace       used 78680K, capacity 82826K, committed 82968K, reserved 1120256K
  class space    used 10917K, capacity 11700K, committed 11824K, reserved 1048576K
Event: 21.004 GC heap after
Heap after GC invocations=17 (full 3):
 PSYoungGen      total 264192K, used 28655K [0x00000000d5580000, 0x00000000e9a00000, 0x0000000100000000)
  eden space 235520K, 0% used [0x00000000d5580000,0x00000000d5580000,0x00000000e3b80000)
  from space 28672K, 99% used [0x00000000e6280000,0x00000000e7e7be70,0x00000000e7e80000)
  to   space 39936K, 0% used [0x00000000e3b80000,0x00000000e3b80000,0x00000000e6280000)
 ParOldGen       total 143360K, used 62876K [0x0000000080000000, 0x0000000088c00000, 0x00000000d5580000)
  object space 143360K, 43% used [0x0000000080000000,0x0000000083d673d8,0x0000000088c00000)
 Metaspace       used 78680K, capacity 82826K, committed 82968K, reserved 1120256K
  class space    used 10917K, capacity 11700K, committed 11824K, reserved 1048576K
}
Event: 25.393 GC heap before
{Heap before GC invocations=18 (full 3):
 PSYoungGen      total 264192K, used 264175K [0x00000000d5580000, 0x00000000e9a00000, 0x0000000100000000)
  eden space 235520K, 100% used [0x00000000d5580000,0x00000000e3b80000,0x00000000e3b80000)
  from space 28672K, 99% used [0x00000000e6280000,0x00000000e7e7be70,0x00000000e7e80000)
  to   space 39936K, 0% used [0x00000000e3b80000,0x00000000e3b80000,0x00000000e6280000)
 ParOldGen       total 143360K, used 62876K [0x0000000080000000, 0x0000000088c00000, 0x00000000d5580000)
  object space 143360K, 43% used [0x0000000080000000,0x0000000083d673d8,0x0000000088c00000)
 Metaspace       used 80328K, capacity 84576K, committed 84632K, reserved 1122304K
  class space    used 11130K, capacity 11937K, committed 11952K, reserved 1048576K
Event: 25.610 GC heap after
Heap after GC invocations=18 (full 3):
 PSYoungGen      total 275456K, used 39922K [0x00000000d5580000, 0x00000000efa80000, 0x0000000100000000)
  eden space 235520K, 0% used [0x00000000d5580000,0x00000000d5580000,0x00000000e3b80000)
  from space 39936K, 99% used [0x00000000e3b80000,0x00000000e627cb48,0x00000000e6280000)
  to   space 67072K, 0% used [0x00000000eb900000,0x00000000eb900000,0x00000000efa80000)
 ParOldGen       total 143360K, used 119927K [0x0000000080000000, 0x0000000088c00000, 0x00000000d5580000)
  object space 143360K, 83% used [0x0000000080000000,0x000000008751dc28,0x0000000088c00000)
 Metaspace       used 80328K, capacity 84576K, committed 84632K, reserved 1122304K
  class space    used 11130K, capacity 11937K, committed 11952K, reserved 1048576K
}
Event: 25.610 GC heap before
{Heap before GC invocations=19 (full 4):
 PSYoungGen      total 275456K, used 39922K [0x00000000d5580000, 0x00000000efa80000, 0x0000000100000000)
  eden space 235520K, 0% used [0x00000000d5580000,0x00000000d5580000,0x00000000e3b80000)
  from space 39936K, 99% used [0x00000000e3b80000,0x00000000e627cb48,0x00000000e6280000)
  to   space 67072K, 0% used [0x00000000eb900000,0x00000000eb900000,0x00000000efa80000)
 ParOldGen       total 143360K, used 119927K [0x0000000080000000, 0x0000000088c00000, 0x00000000d5580000)
  object space 143360K, 83% used [0x0000000080000000,0x000000008751dc28,0x0000000088c00000)
 Metaspace       used 80328K, capacity 84576K, committed 84632K, reserved 1122304K
  class space    used 11130K, capacity 11937K, committed 11952K, reserved 1048576K

