# JRE version: OpenJDK Runtime Environment (8.0_242) (build 1.8.0_242-release-1644-b3-6222593)
# Java VM: OpenJDK 64-Bit Server VM (25.242-b3-6222593 mixed mode linux-amd64 compressed oops)
Heap:
 PSYoungGen      total 632320K, used 626869K [0x00000000d5580000, 0x0000000100000000, 0x0000000100000000)
  eden space 578048K, 100% used [0x00000000d5580000,0x00000000f8a00000,0x00000000f8a00000)
  from space 54272K, 89% used [0x00000000fcb00000,0x00000000ffaad460,0x0000000100000000)
  to   space 60416K, 80% used [0x00000000f8a00000,0x00000000fb946498,0x00000000fc500000)
 ParOldGen       total 246272K, used 106571K [0x0000000080000000, 0x000000008f080000, 0x00000000d5580000)
  object space 246272K, 43% used [0x0000000080000000,0x0000000086812ee8,0x000000008f080000)
 Metaspace       used 75958K, capacity 80112K, committed 80664K, reserved 1118208K
  class space    used 10341K, capacity 11106K, committed 11312K, reserved 1048576K
GC Heap History (10 events):
Event: 31.722 GC heap after
Heap after GC invocations=18 (full 4):
 PSYoungGen      total 642048K, used 25282K [0x00000000d5580000, 0x00000000ffc00000, 0x0000000100000000)
  eden space 592896K, 0% used [0x00000000d5580000,0x00000000d5580000,0x00000000f9880000)
  from space 49152K, 51% used [0x00000000fc800000,0x00000000fe0b0808,0x00000000ff800000)
  to   space 48640K, 0% used [0x00000000f9880000,0x00000000f9880000,0x00000000fc800000)
 ParOldGen       total 246272K, used 106547K [0x0000000080000000, 0x000000008f080000, 0x00000000d5580000)
  object space 246272K, 43% used [0x0000000080000000,0x000000008680cee8,0x000000008f080000)
 Metaspace       used 75434K, capacity 79588K, committed 80152K, reserved 1118208K
  class space    used 10327K, capacity 11092K, committed 11312K, reserved 1048576K
}
Event: 33.770 GC heap before
{Heap before GC invocations=19 (full 4):
 PSYoungGen      total 642048K, used 618178K [0x00000000d5580000, 0x00000000ffc00000, 0x0000000100000000)
  eden space 592896K, 100% used [0x00000000d5580000,0x00000000f9880000,0x00000000f9880000)
  from space 49152K, 51% used [0x00000000fc800000,0x00000000fe0b0808,0x00000000ff800000)
  to   space 48640K, 0% used [0x00000000f9880000,0x00000000f9880000,0x00000000fc800000)
 ParOldGen       total 246272K, used 106547K [0x0000000080000000, 0x000000008f080000, 0x00000000d5580000)
  object space 246272K, 43% used [0x0000000080000000,0x000000008680cee8,0x000000008f080000)
 Metaspace       used 75467K, capacity 79598K, committed 80152K, reserved 1118208K
  class space    used 10328K, capacity 11093K, committed 11312K, reserved 1048576K
Event: 33.847 GC heap after
Heap after GC invocations=19 (full 4):
 PSYoungGen      total 641536K, used 30543K [0x00000000d5580000, 0x0000000100000000, 0x0000000100000000)
  eden space 592896K, 0% used [0x00000000d5580000,0x00000000d5580000,0x00000000f9880000)
  from space 48640K, 62% used [0x00000000f9880000,0x00000000fb653ca0,0x00000000fc800000)
  to   space 49664K, 0% used [0x00000000fcf80000,0x00000000fcf80000,0x0000000100000000)
 ParOldGen       total 246272K, used 106547K [0x0000000080000000, 0x000000008f080000, 0x00000000d5580000)
  object space 246272K, 43% used [0x0000000080000000,0x000000008680cee8,0x000000008f080000)
 Metaspace       used 75467K, capacity 79598K, committed 80152K, reserved 1118208K
  class space    used 10328K, capacity 11093K, committed 11312K, reserved 1048576K
}
Event: 36.445 GC heap before
{Heap before GC invocations=20 (full 4):
 PSYoungGen      total 641536K, used 623439K [0x00000000d5580000, 0x0000000100000000, 0x0000000100000000)
  eden space 592896K, 100% used [0x00000000d5580000,0x00000000f9880000,0x00000000f9880000)
  from space 48640K, 62% used [0x00000000f9880000,0x00000000fb653ca0,0x00000000fc800000)
  to   space 49664K, 0% used [0x00000000fcf80000,0x00000000fcf80000,0x0000000100000000)
 ParOldGen       total 246272K, used 106547K [0x0000000080000000, 0x000000008f080000, 0x00000000d5580000)
  object space 246272K, 43% used [0x0000000080000000,0x000000008680cee8,0x000000008f080000)
 Metaspace       used 75764K, capacity 79934K, committed 80408K, reserved 1118208K
  class space    used 10336K, capacity 11103K, committed 11312K, reserved 1048576K
Event: 36.520 GC heap after
Heap after GC invocations=20 (full 4):
 PSYoungGen      total 646144K, used 33369K [0x00000000d5580000, 0x0000000100000000, 0x0000000100000000)
  eden space 596480K, 0% used [0x00000000d5580000,0x00000000d5580000,0x00000000f9c00000)
  from space 49664K, 67% used [0x00000000fcf80000,0x00000000ff0165a8,0x0000000100000000)
  to   space 51200K, 0% used [0x00000000f9c00000,0x00000000f9c00000,0x00000000fce00000)
 ParOldGen       total 246272K, used 106555K [0x0000000080000000, 0x000000008f080000, 0x00000000d5580000)
  object space 246272K, 43% used [0x0000000080000000,0x000000008680eee8,0x000000008f080000)
 Metaspace       used 75764K, capacity 79934K, committed 80408K, reserved 1118208K
  class space    used 10336K, capacity 11103K, committed 11312K, reserved 1048576K
}
Event: 39.854 GC heap before
{Heap before GC invocations=21 (full 4):
 PSYoungGen      total 646144K, used 629849K [0x00000000d5580000, 0x0000000100000000, 0x0000000100000000)
  eden space 596480K, 100% used [0x00000000d5580000,0x00000000f9c00000,0x00000000f9c00000)
  from space 49664K, 67% used [0x00000000fcf80000,0x00000000ff0165a8,0x0000000100000000)
  to   space 51200K, 0% used [0x00000000f9c00000,0x00000000f9c00000,0x00000000fce00000)
 ParOldGen       total 246272K, used 106555K [0x0000000080000000, 0x000000008f080000, 0x00000000d5580000)
  object space 246272K, 43% used [0x0000000080000000,0x000000008680eee8,0x000000008f080000)
 Metaspace       used 75873K, capacity 80034K, committed 80664K, reserved 1118208K
  class space    used 10338K, capacity 11105K, committed 11312K, reserved 1048576K
Event: 39.949 GC heap after
Heap after GC invocations=21 (full 4):
 PSYoungGen      total 634368K, used 37409K [0x00000000d5580000, 0x0000000100000000, 0x0000000100000000)
  eden space 596480K, 0% used [0x00000000d5580000,0x00000000d5580000,0x00000000f9c00000)
  from space 37888K, 98% used [0x00000000f9c00000,0x00000000fc0887f0,0x00000000fc100000)
  to   space 54272K, 0% used [0x00000000fcb00000,0x00000000fcb00000,0x0000000100000000)
 ParOldGen       total 246272K, used 106563K [0x0000000080000000, 0x000000008f080000, 0x00000000d5580000)
  object space 246272K, 43% used [0x0000000080000000,0x0000000086810ee8,0x000000008f080000)
 Metaspace       used 75873K, capacity 80034K, committed 80664K, reserved 1118208K
  class space    used 10338K, capacity 11105K, committed 11312K, reserved 1048576K
}
Event: 42.320 GC heap before
{Heap before GC invocations=22 (full 4):
 PSYoungGen      total 634368K, used 633889K [0x00000000d5580000, 0x0000000100000000, 0x0000000100000000)
  eden space 596480K, 100% used [0x00000000d5580000,0x00000000f9c00000,0x00000000f9c00000)
  from space 37888K, 98% used [0x00000000f9c00000,0x00000000fc0887f0,0x00000000fc100000)
  to   space 54272K, 0% used [0x00000000fcb00000,0x00000000fcb00000,0x0000000100000000)
 ParOldGen       total 246272K, used 106563K [0x0000000080000000, 0x000000008f080000, 0x00000000d5580000)
  object space 246272K, 43% used [0x0000000080000000,0x0000000086810ee8,0x000000008f080000)
 Metaspace       used 75909K, capacity 80048K, committed 80664K, reserved 1118208K
  class space    used 10339K, capacity 11106K, committed 11312K, reserved 1048576K
Event: 42.422 GC heap after
Heap after GC invocations=22 (full 4):
 PSYoungGen      total 632320K, used 48821K [0x00000000d5580000, 0x0000000100000000, 0x0000000100000000)
  eden space 578048K, 0% used [0x00000000d5580000,0x00000000d5580000,0x00000000f8a00000)
  from space 54272K, 89% used [0x00000000fcb00000,0x00000000ffaad460,0x0000000100000000)
  to   space 60416K, 0% used [0x00000000f8a00000,0x00000000f8a00000,0x00000000fc500000)
 ParOldGen       total 246272K, used 106571K [0x0000000080000000, 0x000000008f080000, 0x00000000d5580000)
  object space 246272K, 43% used [0x0000000080000000,0x0000000086812ee8,0x000000008f080000)
 Metaspace       used 75909K, capacity 80048K, committed 80664K, reserved 1118208K
  class space    used 10339K, capacity 11106K, committed 11312K, reserved 1048576K
}
Event: 44.455 GC heap before
{Heap before GC invocations=23 (full 4):
 PSYoungGen      total 632320K, used 626869K [0x00000000d5580000, 0x0000000100000000, 0x0000000100000000)
  eden space 578048K, 100% used [0x00000000d5580000,0x00000000f8a00000,0x00000000f8a00000)
  from space 54272K, 89% used [0x00000000fcb00000,0x00000000ffaad460,0x0000000100000000)
  to   space 60416K, 0% used [0x00000000f8a00000,0x00000000f8a00000,0x00000000fc500000)
 ParOldGen       total 246272K, used 106571K [0x0000000080000000, 0x000000008f080000, 0x00000000d5580000)
  object space 246272K, 43% used [0x0000000080000000,0x0000000086812ee8,0x000000008f080000)
 Metaspace       used 75958K, capacity 80112K, committed 80664K, reserved 1118208K
  class space    used 10341K, capacity 11106K, committed 11312K, reserved 1048576K

