# JRE version: OpenJDK Runtime Environment (8.0_242) (build 1.8.0_242-release-1644-b3-6222593)
# Java VM: OpenJDK 64-Bit Server VM (25.242-b3-6222593 mixed mode linux-amd64 compressed oops)
Heap:
 PSYoungGen      total 476160K, used 383243K [0x00000000d5580000, 0x00000000f7580000, 0x0000000100000000)
  eden space 439808K, 87% used [0x00000000d5580000,0x00000000ecbc2cb0,0x00000000f0300000)
  from space 36352K, 0% used [0x00000000f3800000,0x00000000f3800000,0x00000000f5b80000)
  to   space 54272K, 0% used [0x00000000f0300000,0x00000000f0300000,0x00000000f3800000)
 ParOldGen       total 162816K, used 71270K [0x0000000080000000, 0x0000000089f00000, 0x00000000d5580000)
  object space 162816K, 43% used [0x0000000080000000,0x0000000084599a90,0x0000000089f00000)
 Metaspace       used 87314K, capacity 91532K, committed 91672K, reserved 1128448K
  class space    used 11682K, capacity 12515K, committed 12592K, reserved 1048576K
GC Heap History (10 events):
Event: 12.393 GC heap before
{Heap before GC invocations=12 (full 2):
 PSYoungGen      total 250368K, used 179386K [0x00000000d5580000, 0x00000000ec880000, 0x0000000100000000)
  eden space 236032K, 69% used [0x00000000d5580000,0x00000000df6b1390,0x00000000e3c00000)
  from space 14336K, 99% used [0x00000000e3c00000,0x00000000e49fd700,0x00000000e4a00000)
  to   space 17408K, 0% used [0x00000000eb780000,0x00000000eb780000,0x00000000ec880000)
 ParOldGen       total 62464K, used 18281K [0x0000000080000000, 0x0000000083d00000, 0x00000000d5580000)
  object space 62464K, 29% used [0x0000000080000000,0x00000000811da5e0,0x0000000083d00000)
 Metaspace       used 56594K, capacity 58962K, committed 59160K, reserved 1099776K
  class space    used 7754K, capacity 8221K, committed 8240K, reserved 1048576K
Event: 12.464 GC heap after
Heap after GC invocations=12 (full 2):
 PSYoungGen      total 356352K, used 17404K [0x00000000d5580000, 0x00000000ecf80000, 0x0000000100000000)
  eden space 338944K, 0% used [0x00000000d5580000,0x00000000d5580000,0x00000000ea080000)
  from space 17408K, 99% used [0x00000000eb780000,0x00000000ec87f300,0x00000000ec880000)
  to   space 23552K, 0% used [0x00000000ea080000,0x00000000ea080000,0x00000000eb780000)
 ParOldGen       total 62464K, used 28160K [0x0000000080000000, 0x0000000083d00000, 0x00000000d5580000)
  object space 62464K, 45% used [0x0000000080000000,0x0000000081b803a0,0x0000000083d00000)
 Metaspace       used 56594K, capacity 58962K, committed 59160K, reserved 1099776K
  class space    used 7754K, capacity 8221K, committed 8240K, reserved 1048576K
}
Event: 12.464 GC heap before
{Heap before GC invocations=13 (full 3):
 PSYoungGen      total 356352K, used 17404K [0x00000000d5580000, 0x00000000ecf80000, 0x0000000100000000)
  eden space 338944K, 0% used [0x00000000d5580000,0x00000000d5580000,0x00000000ea080000)
  from space 17408K, 99% used [0x00000000eb780000,0x00000000ec87f300,0x00000000ec880000)
  to   space 23552K, 0% used [0x00000000ea080000,0x00000000ea080000,0x00000000eb780000)
 ParOldGen       total 62464K, used 28160K [0x0000000080000000, 0x0000000083d00000, 0x00000000d5580000)
  object space 62464K, 45% used [0x0000000080000000,0x0000000081b803a0,0x0000000083d00000)
 Metaspace       used 56594K, capacity 58962K, committed 59160K, reserved 1099776K
  class space    used 7754K, capacity 8221K, committed 8240K, reserved 1048576K
Event: 12.908 GC heap after
Heap after GC invocations=13 (full 3):
 PSYoungGen      total 356352K, used 0K [0x00000000d5580000, 0x00000000ecf80000, 0x0000000100000000)
  eden space 338944K, 0% used [0x00000000d5580000,0x00000000d5580000,0x00000000ea080000)
  from space 17408K, 0% used [0x00000000eb780000,0x00000000eb780000,0x00000000ec880000)
  to   space 23552K, 0% used [0x00000000ea080000,0x00000000ea080000,0x00000000eb780000)
 ParOldGen       total 99328K, used 39001K [0x0000000080000000, 0x0000000086100000, 0x00000000d5580000)
  object space 99328K, 39% used [0x0000000080000000,0x00000000826165f8,0x0000000086100000)
 Metaspace       used 56585K, capacity 58932K, committed 59160K, reserved 1099776K
  class space    used 7752K, capacity 8216K, committed 8240K, reserved 1048576K
}
Event: 18.928 GC heap before
{Heap before GC invocations=14 (full 3):
 PSYoungGen      total 356352K, used 338944K [0x00000000d5580000, 0x00000000ecf80000, 0x0000000100000000)
  eden space 338944K, 100% used [0x00000000d5580000,0x00000000ea080000,0x00000000ea080000)
  from space 17408K, 0% used [0x00000000eb780000,0x00000000eb780000,0x00000000ec880000)
  to   space 23552K, 0% used [0x00000000ea080000,0x00000000ea080000,0x00000000eb780000)
 ParOldGen       total 99328K, used 39001K [0x0000000080000000, 0x0000000086100000, 0x00000000d5580000)
  object space 99328K, 39% used [0x0000000080000000,0x00000000826165f8,0x0000000086100000)
 Metaspace       used 66819K, capacity 70008K, committed 70296K, reserved 1110016K
  class space    used 9227K, capacity 9844K, committed 9904K, reserved 1048576K
Event: 19.002 GC heap after
Heap after GC invocations=14 (full 3):
 PSYoungGen      total 362496K, used 23544K [0x00000000d5580000, 0x00000000f5b80000, 0x0000000100000000)
  eden space 338944K, 0% used [0x00000000d5580000,0x00000000d5580000,0x00000000ea080000)
  from space 23552K, 99% used [0x00000000ea080000,0x00000000eb77e038,0x00000000eb780000)
  to   space 36352K, 0% used [0x00000000f3800000,0x00000000f3800000,0x00000000f5b80000)
 ParOldGen       total 99328K, used 63637K [0x0000000080000000, 0x0000000086100000, 0x00000000d5580000)
  object space 99328K, 64% used [0x0000000080000000,0x0000000083e25748,0x0000000086100000)
 Metaspace       used 66819K, capacity 70008K, committed 70296K, reserved 1110016K
  class space    used 9227K, capacity 9844K, committed 9904K, reserved 1048576K
}
Event: 24.890 GC heap before
{Heap before GC invocations=15 (full 3):
 PSYoungGen      total 362496K, used 362488K [0x00000000d5580000, 0x00000000f5b80000, 0x0000000100000000)
  eden space 338944K, 100% used [0x00000000d5580000,0x00000000ea080000,0x00000000ea080000)
  from space 23552K, 99% used [0x00000000ea080000,0x00000000eb77e038,0x00000000eb780000)
  to   space 36352K, 0% used [0x00000000f3800000,0x00000000f3800000,0x00000000f5b80000)
 ParOldGen       total 99328K, used 63644K [0x0000000080000000, 0x0000000086100000, 0x00000000d5580000)
  object space 99328K, 64% used [0x0000000080000000,0x0000000083e27340,0x0000000086100000)
 Metaspace       used 75163K, capacity 79078K, committed 79256K, reserved 1118208K
  class space    used 10439K, capacity 11181K, committed 11184K, reserved 1048576K
Event: 24.997 GC heap after
Heap after GC invocations=15 (full 3):
 PSYoungGen      total 476160K, used 36320K [0x00000000d5580000, 0x00000000f7580000, 0x0000000100000000)
  eden space 439808K, 0% used [0x00000000d5580000,0x00000000d5580000,0x00000000f0300000)
  from space 36352K, 99% used [0x00000000f3800000,0x00000000f5b78338,0x00000000f5b80000)
  to   space 54272K, 0% used [0x00000000f0300000,0x00000000f0300000,0x00000000f3800000)
 ParOldGen       total 99328K, used 96398K [0x0000000080000000, 0x0000000086100000, 0x00000000d5580000)
  object space 99328K, 97% used [0x0000000080000000,0x0000000085e23808,0x0000000086100000)
 Metaspace       used 75163K, capacity 79078K, committed 79256K, reserved 1118208K
  class space    used 10439K, capacity 11181K, committed 11184K, reserved 1048576K
}
Event: 24.997 GC heap before
{Heap before GC invocations=16 (full 4):
 PSYoungGen      total 476160K, used 36320K [0x00000000d5580000, 0x00000000f7580000, 0x0000000100000000)
  eden space 439808K, 0% used [0x00000000d5580000,0x00000000d5580000,0x00000000f0300000)
  from space 36352K, 99% used [0x00000000f3800000,0x00000000f5b78338,0x00000000f5b80000)
  to   space 54272K, 0% used [0x00000000f0300000,0x00000000f0300000,0x00000000f3800000)
 ParOldGen       total 99328K, used 96398K [0x0000000080000000, 0x0000000086100000, 0x00000000d5580000)
  object space 99328K, 97% used [0x0000000080000000,0x0000000085e23808,0x0000000086100000)
 Metaspace       used 75163K, capacity 79078K, committed 79256K, reserved 1118208K
  class space    used 10439K, capacity 11181K, committed 11184K, reserved 1048576K
Event: 25.327 GC heap after
Heap after GC invocations=16 (full 4):
 PSYoungGen      total 476160K, used 0K [0x00000000d5580000, 0x00000000f7580000, 0x0000000100000000)
  eden space 439808K, 0% used [0x00000000d5580000,0x00000000d5580000,0x00000000f0300000)
  from space 36352K, 0% used [0x00000000f3800000,0x00000000f3800000,0x00000000f5b80000)
  to   space 54272K, 0% used [0x00000000f0300000,0x00000000f0300000,0x00000000f3800000)
 ParOldGen       total 162816K, used 71270K [0x0000000080000000, 0x0000000089f00000, 0x00000000d5580000)
  object space 162816K, 43% used [0x0000000080000000,0x0000000084599a90,0x0000000089f00000)
 Metaspace       used 75086K, capacity 78862K, committed 79256K, reserved 1118208K
  class space    used 10414K, capacity 11137K, committed 11184K, reserved 1048576K
}

