# JRE version: OpenJDK Runtime Environment (8.0_242) (build 1.8.0_242-release-1644-b3-6222593)
# Java VM: OpenJDK 64-Bit Server VM (25.242-b3-6222593 mixed mode linux-amd64 compressed oops)
Heap:
 PSYoungGen      total 378880K, used 125472K [0x00000000d5580000, 0x00000000ee180000, 0x0000000100000000)
  eden space 364032K, 30% used [0x00000000d5580000,0x00000000dc18e4c8,0x00000000eb900000)
  from space 14848K, 99% used [0x00000000ecc80000,0x00000000edaf9d60,0x00000000edb00000)
  to   space 19968K, 0% used [0x00000000eb900000,0x00000000eb900000,0x00000000ecc80000)
 ParOldGen       total 82944K, used 21075K [0x0000000080000000, 0x0000000085100000, 0x00000000d5580000)
  object space 82944K, 25% used [0x0000000080000000,0x0000000081494e20,0x0000000085100000)
 Metaspace       used 55219K, capacity 57412K, committed 57640K, reserved 1099776K
  class space    used 7513K, capacity 7943K, committed 7984K, reserved 1048576K
GC Heap History (10 events):
Event: 3.378 GC heap before
{Heap before GC invocations=6 (full 1):
 PSYoungGen      total 132096K, used 5088K [0x00000000d5580000, 0x00000000e6680000, 0x0000000100000000)
  eden space 126976K, 0% used [0x00000000d5580000,0x00000000d5580000,0x00000000dd180000)
  from space 5120K, 99% used [0x00000000dd180000,0x00000000dd678060,0x00000000dd680000)
  to   space 12800K, 0% used [0x00000000e5a00000,0x00000000e5a00000,0x00000000e6680000)
 ParOldGen       total 84992K, used 10812K [0x0000000080000000, 0x0000000085300000, 0x00000000d5580000)
  object space 84992K, 12% used [0x0000000080000000,0x0000000080a8f138,0x0000000085300000)
 Metaspace       used 20565K, capacity 21216K, committed 21296K, reserved 1067008K
  class space    used 2880K, capacity 3074K, committed 3120K, reserved 1048576K
Event: 3.445 GC heap after
Heap after GC invocations=6 (full 1):
 PSYoungGen      total 132096K, used 0K [0x00000000d5580000, 0x00000000e6680000, 0x0000000100000000)
  eden space 126976K, 0% used [0x00000000d5580000,0x00000000d5580000,0x00000000dd180000)
  from space 5120K, 0% used [0x00000000dd180000,0x00000000dd180000,0x00000000dd680000)
  to   space 12800K, 0% used [0x00000000e5a00000,0x00000000e5a00000,0x00000000e6680000)
 ParOldGen       total 55808K, used 6885K [0x0000000080000000, 0x0000000083680000, 0x00000000d5580000)
  object space 55808K, 12% used [0x0000000080000000,0x00000000806b95e0,0x0000000083680000)
 Metaspace       used 20565K, capacity 21216K, committed 21296K, reserved 1067008K
  class space    used 2880K, capacity 3074K, committed 3120K, reserved 1048576K
}
Event: 5.795 GC heap before
{Heap before GC invocations=7 (full 1):
 PSYoungGen      total 132096K, used 126976K [0x00000000d5580000, 0x00000000e6680000, 0x0000000100000000)
  eden space 126976K, 100% used [0x00000000d5580000,0x00000000dd180000,0x00000000dd180000)
  from space 5120K, 0% used [0x00000000dd180000,0x00000000dd180000,0x00000000dd680000)
  to   space 12800K, 0% used [0x00000000e5a00000,0x00000000e5a00000,0x00000000e6680000)
 ParOldGen       total 55808K, used 6885K [0x0000000080000000, 0x0000000083680000, 0x00000000d5580000)
  object space 55808K, 12% used [0x0000000080000000,0x00000000806b95e0,0x0000000083680000)
 Metaspace       used 32460K, capacity 33480K, committed 33712K, reserved 1079296K
  class space    used 4420K, capacity 4686K, committed 4784K, reserved 1048576K
Event: 5.822 GC heap after
Heap after GC invocations=7 (full 1):
 PSYoungGen      total 224256K, used 12784K [0x00000000d5580000, 0x00000000e6680000, 0x0000000100000000)
  eden space 211456K, 0% used [0x00000000d5580000,0x00000000d5580000,0x00000000e2400000)
  from space 12800K, 99% used [0x00000000e5a00000,0x00000000e667c3d0,0x00000000e6680000)
  to   space 15360K, 0% used [0x00000000e4880000,0x00000000e4880000,0x00000000e5780000)
 ParOldGen       total 55808K, used 7798K [0x0000000080000000, 0x0000000083680000, 0x00000000d5580000)
  object space 55808K, 13% used [0x0000000080000000,0x000000008079d928,0x0000000083680000)
 Metaspace       used 32460K, capacity 33480K, committed 33712K, reserved 1079296K
  class space    used 4420K, capacity 4686K, committed 4784K, reserved 1048576K
}
Event: 6.246 GC heap before
{Heap before GC invocations=8 (full 1):
 PSYoungGen      total 224256K, used 54997K [0x00000000d5580000, 0x00000000e6680000, 0x0000000100000000)
  eden space 211456K, 19% used [0x00000000d5580000,0x00000000d7eb90b0,0x00000000e2400000)
  from space 12800K, 99% used [0x00000000e5a00000,0x00000000e667c3d0,0x00000000e6680000)
  to   space 15360K, 0% used [0x00000000e4880000,0x00000000e4880000,0x00000000e5780000)
 ParOldGen       total 55808K, used 7798K [0x0000000080000000, 0x0000000083680000, 0x00000000d5580000)
  object space 55808K, 13% used [0x0000000080000000,0x000000008079d928,0x0000000083680000)
 Metaspace       used 34303K, capacity 35390K, committed 35496K, reserved 1079296K
  class space    used 4708K, capacity 4972K, committed 5040K, reserved 1048576K
Event: 6.299 GC heap after
Heap after GC invocations=8 (full 1):
 PSYoungGen      total 264192K, used 8517K [0x00000000d5580000, 0x00000000edb00000, 0x0000000100000000)
  eden space 248832K, 0% used [0x00000000d5580000,0x00000000d5580000,0x00000000e4880000)
  from space 15360K, 55% used [0x00000000e4880000,0x00000000e50d1738,0x00000000e5780000)
  to   space 14848K, 0% used [0x00000000ecc80000,0x00000000ecc80000,0x00000000edb00000)
 ParOldGen       total 55808K, used 7806K [0x0000000080000000, 0x0000000083680000, 0x00000000d5580000)
  object space 55808K, 13% used [0x0000000080000000,0x000000008079f928,0x0000000083680000)
 Metaspace       used 34303K, capacity 35390K, committed 35496K, reserved 1079296K
  class space    used 4708K, capacity 4972K, committed 5040K, reserved 1048576K
}
Event: 6.299 GC heap before
{Heap before GC invocations=9 (full 2):
 PSYoungGen      total 264192K, used 8517K [0x00000000d5580000, 0x00000000edb00000, 0x0000000100000000)
  eden space 248832K, 0% used [0x00000000d5580000,0x00000000d5580000,0x00000000e4880000)
  from space 15360K, 55% used [0x00000000e4880000,0x00000000e50d1738,0x00000000e5780000)
  to   space 14848K, 0% used [0x00000000ecc80000,0x00000000ecc80000,0x00000000edb00000)
 ParOldGen       total 55808K, used 7806K [0x0000000080000000, 0x0000000083680000, 0x00000000d5580000)
  object space 55808K, 13% used [0x0000000080000000,0x000000008079f928,0x0000000083680000)
 Metaspace       used 34303K, capacity 35390K, committed 35496K, reserved 1079296K
  class space    used 4708K, capacity 4972K, committed 5040K, reserved 1048576K
Event: 6.549 GC heap after
Heap after GC invocations=9 (full 2):
 PSYoungGen      total 264192K, used 0K [0x00000000d5580000, 0x00000000edb00000, 0x0000000100000000)
  eden space 248832K, 0% used [0x00000000d5580000,0x00000000d5580000,0x00000000e4880000)
  from space 15360K, 0% used [0x00000000e4880000,0x00000000e4880000,0x00000000e5780000)
  to   space 14848K, 0% used [0x00000000ecc80000,0x00000000ecc80000,0x00000000edb00000)
 ParOldGen       total 82944K, used 14804K [0x0000000080000000, 0x0000000085100000, 0x00000000d5580000)
  object space 82944K, 17% used [0x0000000080000000,0x0000000080e75010,0x0000000085100000)
 Metaspace       used 34303K, capacity 35390K, committed 35496K, reserved 1079296K
  class space    used 4708K, capacity 4972K, committed 5040K, reserved 1048576K
}
Event: 10.538 GC heap before
{Heap before GC invocations=10 (full 2):
 PSYoungGen      total 264192K, used 248832K [0x00000000d5580000, 0x00000000edb00000, 0x0000000100000000)
  eden space 248832K, 100% used [0x00000000d5580000,0x00000000e4880000,0x00000000e4880000)
  from space 15360K, 0% used [0x00000000e4880000,0x00000000e4880000,0x00000000e5780000)
  to   space 14848K, 0% used [0x00000000ecc80000,0x00000000ecc80000,0x00000000edb00000)
 ParOldGen       total 82944K, used 14804K [0x0000000080000000, 0x0000000085100000, 0x00000000d5580000)
  object space 82944K, 17% used [0x0000000080000000,0x0000000080e75010,0x0000000085100000)
 Metaspace       used 47786K, capacity 49616K, committed 49832K, reserved 1091584K
  class space    used 6434K, capacity 6814K, committed 6832K, reserved 1048576K
Event: 10.568 GC heap after
Heap after GC invocations=10 (full 2):
 PSYoungGen      total 378880K, used 14823K [0x00000000d5580000, 0x00000000ee180000, 0x0000000100000000)
  eden space 364032K, 0% used [0x00000000d5580000,0x00000000d5580000,0x00000000eb900000)
  from space 14848K, 99% used [0x00000000ecc80000,0x00000000edaf9d60,0x00000000edb00000)
  to   space 19968K, 0% used [0x00000000eb900000,0x00000000eb900000,0x00000000ecc80000)
 ParOldGen       total 82944K, used 21075K [0x0000000080000000, 0x0000000085100000, 0x00000000d5580000)
  object space 82944K, 25% used [0x0000000080000000,0x0000000081494e20,0x0000000085100000)
 Metaspace       used 47786K, capacity 49616K, committed 49832K, reserved 1091584K
  class space    used 6434K, capacity 6814K, committed 6832K, reserved 1048576K
}

