# JRE version: OpenJDK Runtime Environment (8.0_242) (build 1.8.0_242-release-1644-b3-6222593)
# Java VM: OpenJDK 64-Bit Server VM (25.242-b3-6222593 mixed mode linux-amd64 compressed oops)
Heap:
 PSYoungGen      total 523264K, used 478010K [0x00000000d5580000, 0x00000000fd680000, 0x0000000100000000)
  eden space 459264K, 99% used [0x00000000d5580000,0x00000000f12c7db8,0x00000000f1600000)
  from space 64000K, 34% used [0x00000000f1600000,0x00000000f2b86dc0,0x00000000f5480000)
  to   space 60416K, 51% used [0x00000000f9b80000,0x00000000fb9df6d8,0x00000000fd680000)
 ParOldGen       total 241152K, used 147065K [0x0000000080000000, 0x000000008eb80000, 0x00000000d5580000)
  object space 241152K, 60% used [0x0000000080000000,0x0000000088f9e788,0x000000008eb80000)
 Metaspace       used 93059K, capacity 97934K, committed 98224K, reserved 1134592K
  class space    used 12222K, capacity 13120K, committed 13232K, reserved 1048576K
GC Heap History (10 events):
Event: 27.236 GC heap after
Heap after GC invocations=15 (full 3):
 PSYoungGen      total 409600K, used 27646K [0x00000000d5580000, 0x00000000f1b80000, 0x0000000100000000)
  eden space 381952K, 0% used [0x00000000d5580000,0x00000000d5580000,0x00000000eca80000)
  from space 27648K, 99% used [0x00000000ef080000,0x00000000f0b7fac0,0x00000000f0b80000)
  to   space 38912K, 0% used [0x00000000eca80000,0x00000000eca80000,0x00000000ef080000)
 ParOldGen       total 110080K, used 59597K [0x0000000080000000, 0x0000000086b80000, 0x00000000d5580000)
  object space 110080K, 54% used [0x0000000080000000,0x0000000083a33410,0x0000000086b80000)
 Metaspace       used 76125K, capacity 79430K, committed 79664K, reserved 1118208K
  class space    used 10272K, capacity 10934K, committed 11056K, reserved 1048576K
}
Event: 32.903 GC heap before
{Heap before GC invocations=16 (full 3):
 PSYoungGen      total 409600K, used 409598K [0x00000000d5580000, 0x00000000f1b80000, 0x0000000100000000)
  eden space 381952K, 100% used [0x00000000d5580000,0x00000000eca80000,0x00000000eca80000)
  from space 27648K, 99% used [0x00000000ef080000,0x00000000f0b7fac0,0x00000000f0b80000)
  to   space 38912K, 0% used [0x00000000eca80000,0x00000000eca80000,0x00000000ef080000)
 ParOldGen       total 110080K, used 59597K [0x0000000080000000, 0x0000000086b80000, 0x00000000d5580000)
  object space 110080K, 54% used [0x0000000080000000,0x0000000083a33410,0x0000000086b80000)
 Metaspace       used 85572K, capacity 89968K, committed 90160K, reserved 1126400K
  class space    used 11733K, capacity 12567K, committed 12592K, reserved 1048576K
Event: 33.220 GC heap after
Heap after GC invocations=16 (full 3):
 PSYoungGen      total 420864K, used 38885K [0x00000000d5580000, 0x00000000fad80000, 0x0000000100000000)
  eden space 381952K, 0% used [0x00000000d5580000,0x00000000d5580000,0x00000000eca80000)
  from space 38912K, 99% used [0x00000000eca80000,0x00000000ef079670,0x00000000ef080000)
  to   space 68096K, 0% used [0x00000000f6b00000,0x00000000f6b00000,0x00000000fad80000)
 ParOldGen       total 122880K, used 122394K [0x0000000080000000, 0x0000000087800000, 0x00000000d5580000)
  object space 122880K, 99% used [0x0000000080000000,0x0000000087786a30,0x0000000087800000)
 Metaspace       used 85572K, capacity 89968K, committed 90160K, reserved 1126400K
  class space    used 11733K, capacity 12567K, committed 12592K, reserved 1048576K
}
Event: 33.220 GC heap before
{Heap before GC invocations=17 (full 4):
 PSYoungGen      total 420864K, used 38885K [0x00000000d5580000, 0x00000000fad80000, 0x0000000100000000)
  eden space 381952K, 0% used [0x00000000d5580000,0x00000000d5580000,0x00000000eca80000)
  from space 38912K, 99% used [0x00000000eca80000,0x00000000ef079670,0x00000000ef080000)
  to   space 68096K, 0% used [0x00000000f6b00000,0x00000000f6b00000,0x00000000fad80000)
 ParOldGen       total 122880K, used 122394K [0x0000000080000000, 0x0000000087800000, 0x00000000d5580000)
  object space 122880K, 99% used [0x0000000080000000,0x0000000087786a30,0x0000000087800000)
 Metaspace       used 85572K, capacity 89968K, committed 90160K, reserved 1126400K
  class space    used 11733K, capacity 12567K, committed 12592K, reserved 1048576K
Event: 34.682 GC heap after
Heap after GC invocations=17 (full 4):
 PSYoungGen      total 420864K, used 25020K [0x00000000d5580000, 0x00000000fad80000, 0x0000000100000000)
  eden space 381952K, 0% used [0x00000000d5580000,0x00000000d5580000,0x00000000eca80000)
  from space 38912K, 64% used [0x00000000eca80000,0x00000000ee2ef310,0x00000000ef080000)
  to   space 68096K, 0% used [0x00000000f6b00000,0x00000000f6b00000,0x00000000fad80000)
 ParOldGen       total 241152K, used 122658K [0x0000000080000000, 0x000000008eb80000, 0x00000000d5580000)
  object space 241152K, 50% used [0x0000000080000000,0x00000000877c8918,0x000000008eb80000)
 Metaspace       used 85494K, capacity 89748K, committed 90160K, reserved 1126400K
  class space    used 11707K, capacity 12521K, committed 12592K, reserved 1048576K
}
Event: 1524.032 GC heap before
{Heap before GC invocations=18 (full 4):
 PSYoungGen      total 420864K, used 406972K [0x00000000d5580000, 0x00000000fad80000, 0x0000000100000000)
  eden space 381952K, 100% used [0x00000000d5580000,0x00000000eca80000,0x00000000eca80000)
  from space 38912K, 64% used [0x00000000eca80000,0x00000000ee2ef310,0x00000000ef080000)
  to   space 68096K, 0% used [0x00000000f6b00000,0x00000000f6b00000,0x00000000fad80000)
 ParOldGen       total 241152K, used 122658K [0x0000000080000000, 0x000000008eb80000, 0x00000000d5580000)
  object space 241152K, 50% used [0x0000000080000000,0x00000000877c8918,0x000000008eb80000)
 Metaspace       used 91301K, capacity 95830K, committed 96048K, reserved 1132544K
  class space    used 12137K, capacity 12978K, committed 13104K, reserved 1048576K
Event: 1524.206 GC heap after
Heap after GC invocations=18 (full 4):
 PSYoungGen      total 500224K, used 23923K [0x00000000d5580000, 0x00000000f9300000, 0x0000000100000000)
  eden space 459264K, 0% used [0x00000000d5580000,0x00000000d5580000,0x00000000f1600000)
  from space 40960K, 58% used [0x00000000f6b00000,0x00000000f825ce70,0x00000000f9300000)
  to   space 64000K, 0% used [0x00000000f1600000,0x00000000f1600000,0x00000000f5480000)
 ParOldGen       total 241152K, used 147057K [0x0000000080000000, 0x000000008eb80000, 0x00000000d5580000)
  object space 241152K, 60% used [0x0000000080000000,0x0000000088f9c788,0x000000008eb80000)
 Metaspace       used 91301K, capacity 95830K, committed 96048K, reserved 1132544K
  class space    used 12137K, capacity 12978K, committed 13104K, reserved 1048576K
}
Event: 1666.144 GC heap before
{Heap before GC invocations=19 (full 4):
 PSYoungGen      total 500224K, used 483187K [0x00000000d5580000, 0x00000000f9300000, 0x0000000100000000)
  eden space 459264K, 100% used [0x00000000d5580000,0x00000000f1600000,0x00000000f1600000)
  from space 40960K, 58% used [0x00000000f6b00000,0x00000000f825ce70,0x00000000f9300000)
  to   space 64000K, 0% used [0x00000000f1600000,0x00000000f1600000,0x00000000f5480000)
 ParOldGen       total 241152K, used 147057K [0x0000000080000000, 0x000000008eb80000, 0x00000000d5580000)
  object space 241152K, 60% used [0x0000000080000000,0x0000000088f9c788,0x000000008eb80000)
 Metaspace       used 92116K, capacity 96714K, committed 96816K, reserved 1132544K
  class space    used 12155K, capacity 13002K, committed 13104K, reserved 1048576K
Event: 1666.189 GC heap after
Heap after GC invocations=19 (full 4):
 PSYoungGen      total 523264K, used 22043K [0x00000000d5580000, 0x00000000fd680000, 0x0000000100000000)
  eden space 459264K, 0% used [0x00000000d5580000,0x00000000d5580000,0x00000000f1600000)
  from space 64000K, 34% used [0x00000000f1600000,0x00000000f2b86dc0,0x00000000f5480000)
  to   space 60416K, 0% used [0x00000000f9b80000,0x00000000f9b80000,0x00000000fd680000)
 ParOldGen       total 241152K, used 147065K [0x0000000080000000, 0x000000008eb80000, 0x00000000d5580000)
  object space 241152K, 60% used [0x0000000080000000,0x0000000088f9e788,0x000000008eb80000)
 Metaspace       used 92116K, capacity 96714K, committed 96816K, reserved 1132544K
  class space    used 12155K, capacity 13002K, committed 13104K, reserved 1048576K
}
Event: 1674.506 GC heap before
{Heap before GC invocations=20 (full 4):
 PSYoungGen      total 523264K, used 478010K [0x00000000d5580000, 0x00000000fd680000, 0x0000000100000000)
  eden space 459264K, 99% used [0x00000000d5580000,0x00000000f12c7db8,0x00000000f1600000)
  from space 64000K, 34% used [0x00000000f1600000,0x00000000f2b86dc0,0x00000000f5480000)
  to   space 60416K, 0% used [0x00000000f9b80000,0x00000000f9b80000,0x00000000fd680000)
 ParOldGen       total 241152K, used 147065K [0x0000000080000000, 0x000000008eb80000, 0x00000000d5580000)
  object space 241152K, 60% used [0x0000000080000000,0x0000000088f9e788,0x000000008eb80000)
 Metaspace       used 93059K, capacity 97934K, committed 98224K, reserved 1134592K
  class space    used 12222K, capacity 13120K, committed 13232K, reserved 1048576K

