# JRE version: OpenJDK Runtime Environment (8.0_242) (build 1.8.0_242-release-1644-b3-6222593)
# Java VM: OpenJDK 64-Bit Server VM (25.242-b3-6222593 mixed mode linux-amd64 compressed oops)
Heap:
 PSYoungGen      total 595456K, used 553944K [0x00000000d5580000, 0x0000000100000000, 0x0000000100000000)
  eden space 494080K, 100% used [0x00000000d5580000,0x00000000f3800000,0x00000000f3800000)
  from space 101376K, 59% used [0x00000000f9d00000,0x00000000fd7761c0,0x0000000100000000)
  to   space 102400K, 47% used [0x00000000f3800000,0x00000000f6723270,0x00000000f9c00000)
 ParOldGen       total 260608K, used 147942K [0x0000000080000000, 0x000000008fe80000, 0x00000000d5580000)
  object space 260608K, 56% used [0x0000000080000000,0x00000000890798d8,0x000000008fe80000)
 Metaspace       used 116734K, capacity 124838K, committed 125104K, reserved 1157120K
  class space    used 15068K, capacity 16501K, committed 16560K, reserved 1048576K
GC Heap History (10 events):
Event: 2876.702 GC heap after
Heap after GC invocations=26 (full 4):
 PSYoungGen      total 520704K, used 36889K [0x00000000d5580000, 0x00000000faf00000, 0x0000000100000000)
  eden space 451072K, 0% used [0x00000000d5580000,0x00000000d5580000,0x00000000f0e00000)
  from space 69632K, 52% used [0x00000000f6b00000,0x00000000f8f06480,0x00000000faf00000)
  to   space 82432K, 0% used [0x00000000f0e00000,0x00000000f0e00000,0x00000000f5e80000)
 ParOldGen       total 260608K, used 147926K [0x0000000080000000, 0x000000008fe80000, 0x00000000d5580000)
  object space 260608K, 56% used [0x0000000080000000,0x00000000890758d8,0x000000008fe80000)
 Metaspace       used 112096K, capacity 119190K, committed 119472K, reserved 1153024K
  class space    used 14657K, capacity 15929K, committed 16048K, reserved 1048576K
}
Event: 2883.623 GC heap before
{Heap before GC invocations=27 (full 4):
 PSYoungGen      total 520704K, used 487961K [0x00000000d5580000, 0x00000000faf00000, 0x0000000100000000)
  eden space 451072K, 100% used [0x00000000d5580000,0x00000000f0e00000,0x00000000f0e00000)
  from space 69632K, 52% used [0x00000000f6b00000,0x00000000f8f06480,0x00000000faf00000)
  to   space 82432K, 0% used [0x00000000f0e00000,0x00000000f0e00000,0x00000000f5e80000)
 ParOldGen       total 260608K, used 147926K [0x0000000080000000, 0x000000008fe80000, 0x00000000d5580000)
  object space 260608K, 56% used [0x0000000080000000,0x00000000890758d8,0x000000008fe80000)
 Metaspace       used 114344K, capacity 121638K, committed 121776K, reserved 1155072K
  class space    used 14885K, capacity 16237K, committed 16304K, reserved 1048576K
Event: 2883.833 GC heap after
Heap after GC invocations=27 (full 4):
 PSYoungGen      total 533504K, used 49819K [0x00000000d5580000, 0x00000000fe900000, 0x0000000100000000)
  eden space 451072K, 0% used [0x00000000d5580000,0x00000000d5580000,0x00000000f0e00000)
  from space 82432K, 60% used [0x00000000f0e00000,0x00000000f3ea6cc8,0x00000000f5e80000)
  to   space 83968K, 0% used [0x00000000f9700000,0x00000000f9700000,0x00000000fe900000)
 ParOldGen       total 260608K, used 147926K [0x0000000080000000, 0x000000008fe80000, 0x00000000d5580000)
  object space 260608K, 56% used [0x0000000080000000,0x00000000890758d8,0x000000008fe80000)
 Metaspace       used 114344K, capacity 121638K, committed 121776K, reserved 1155072K
  class space    used 14885K, capacity 16237K, committed 16304K, reserved 1048576K
}
Event: 2887.380 GC heap before
{Heap before GC invocations=28 (full 4):
 PSYoungGen      total 533504K, used 500891K [0x00000000d5580000, 0x00000000fe900000, 0x0000000100000000)
  eden space 451072K, 100% used [0x00000000d5580000,0x00000000f0e00000,0x00000000f0e00000)
  from space 82432K, 60% used [0x00000000f0e00000,0x00000000f3ea6cc8,0x00000000f5e80000)
  to   space 83968K, 0% used [0x00000000f9700000,0x00000000f9700000,0x00000000fe900000)
 ParOldGen       total 260608K, used 147926K [0x0000000080000000, 0x000000008fe80000, 0x00000000d5580000)
  object space 260608K, 56% used [0x0000000080000000,0x00000000890758d8,0x000000008fe80000)
 Metaspace       used 115241K, capacity 122660K, committed 122800K, reserved 1155072K
  class space    used 14951K, capacity 16300K, committed 16304K, reserved 1048576K
Event: 2887.553 GC heap after
Heap after GC invocations=28 (full 4):
 PSYoungGen      total 580608K, used 76813K [0x00000000d5580000, 0x0000000100000000, 0x0000000100000000)
  eden space 496640K, 0% used [0x00000000d5580000,0x00000000d5580000,0x00000000f3a80000)
  from space 83968K, 91% used [0x00000000f9700000,0x00000000fe2034f8,0x00000000fe900000)
  to   space 94720K, 0% used [0x00000000f3a80000,0x00000000f3a80000,0x00000000f9700000)
 ParOldGen       total 260608K, used 147926K [0x0000000080000000, 0x000000008fe80000, 0x00000000d5580000)
  object space 260608K, 56% used [0x0000000080000000,0x00000000890758d8,0x000000008fe80000)
 Metaspace       used 115241K, capacity 122660K, committed 122800K, reserved 1155072K
  class space    used 14951K, capacity 16300K, committed 16304K, reserved 1048576K
}
Event: 2891.204 GC heap before
{Heap before GC invocations=29 (full 4):
 PSYoungGen      total 580608K, used 573453K [0x00000000d5580000, 0x0000000100000000, 0x0000000100000000)
  eden space 496640K, 100% used [0x00000000d5580000,0x00000000f3a80000,0x00000000f3a80000)
  from space 83968K, 91% used [0x00000000f9700000,0x00000000fe2034f8,0x00000000fe900000)
  to   space 94720K, 0% used [0x00000000f3a80000,0x00000000f3a80000,0x00000000f9700000)
 ParOldGen       total 260608K, used 147926K [0x0000000080000000, 0x000000008fe80000, 0x00000000d5580000)
  object space 260608K, 56% used [0x0000000080000000,0x00000000890758d8,0x000000008fe80000)
 Metaspace       used 116026K, capacity 123496K, committed 123696K, reserved 1157120K
  class space    used 14961K, capacity 16306K, committed 16432K, reserved 1048576K
Event: 2891.288 GC heap after
Heap after GC invocations=29 (full 4):
 PSYoungGen      total 591360K, used 71414K [0x00000000d5580000, 0x0000000100000000, 0x0000000100000000)
  eden space 496640K, 0% used [0x00000000d5580000,0x00000000d5580000,0x00000000f3a80000)
  from space 94720K, 75% used [0x00000000f3a80000,0x00000000f803d908,0x00000000f9700000)
  to   space 101376K, 0% used [0x00000000f9d00000,0x00000000f9d00000,0x0000000100000000)
 ParOldGen       total 260608K, used 147926K [0x0000000080000000, 0x000000008fe80000, 0x00000000d5580000)
  object space 260608K, 56% used [0x0000000080000000,0x00000000890758d8,0x000000008fe80000)
 Metaspace       used 116026K, capacity 123496K, committed 123696K, reserved 1157120K
  class space    used 14961K, capacity 16306K, committed 16432K, reserved 1048576K
}
Event: 2894.768 GC heap before
{Heap before GC invocations=30 (full 4):
 PSYoungGen      total 591360K, used 568054K [0x00000000d5580000, 0x0000000100000000, 0x0000000100000000)
  eden space 496640K, 100% used [0x00000000d5580000,0x00000000f3a80000,0x00000000f3a80000)
  from space 94720K, 75% used [0x00000000f3a80000,0x00000000f803d908,0x00000000f9700000)
  to   space 101376K, 0% used [0x00000000f9d00000,0x00000000f9d00000,0x0000000100000000)
 ParOldGen       total 260608K, used 147926K [0x0000000080000000, 0x000000008fe80000, 0x00000000d5580000)
  object space 260608K, 56% used [0x0000000080000000,0x00000000890758d8,0x000000008fe80000)
 Metaspace       used 116193K, capacity 123692K, committed 123952K, reserved 1157120K
  class space    used 14963K, capacity 16306K, committed 16432K, reserved 1048576K
Event: 2894.872 GC heap after
Heap after GC invocations=30 (full 4):
 PSYoungGen      total 595456K, used 59864K [0x00000000d5580000, 0x0000000100000000, 0x0000000100000000)
  eden space 494080K, 0% used [0x00000000d5580000,0x00000000d5580000,0x00000000f3800000)
  from space 101376K, 59% used [0x00000000f9d00000,0x00000000fd7761c0,0x0000000100000000)
  to   space 102400K, 0% used [0x00000000f3800000,0x00000000f3800000,0x00000000f9c00000)
 ParOldGen       total 260608K, used 147934K [0x0000000080000000, 0x000000008fe80000, 0x00000000d5580000)
  object space 260608K, 56% used [0x0000000080000000,0x00000000890778d8,0x000000008fe80000)
 Metaspace       used 116193K, capacity 123692K, committed 123952K, reserved 1157120K
  class space    used 14963K, capacity 16306K, committed 16432K, reserved 1048576K
}
Event: 2915.235 GC heap before
{Heap before GC invocations=31 (full 4):
 PSYoungGen      total 595456K, used 553944K [0x00000000d5580000, 0x0000000100000000, 0x0000000100000000)
  eden space 494080K, 100% used [0x00000000d5580000,0x00000000f3800000,0x00000000f3800000)
  from space 101376K, 59% used [0x00000000f9d00000,0x00000000fd7761c0,0x0000000100000000)
  to   space 102400K, 0% used [0x00000000f3800000,0x00000000f3800000,0x00000000f9c00000)
 ParOldGen       total 260608K, used 147934K [0x0000000080000000, 0x000000008fe80000, 0x00000000d5580000)
  object space 260608K, 56% used [0x0000000080000000,0x00000000890778d8,0x000000008fe80000)
 Metaspace       used 116734K, capacity 124838K, committed 125104K, reserved 1157120K
  class space    used 15068K, capacity 16501K, committed 16560K, reserved 1048576K

