# JRE version: OpenJDK Runtime Environment (8.0_242) (build 1.8.0_242-release-1644-b3-6222593)
# Java VM: OpenJDK 64-Bit Server VM (25.242-b3-6222593 mixed mode linux-amd64 compressed oops)
Heap:
 PSYoungGen      total 231424K, used 12114K [0x00000000d5580000, 0x00000000e9000000, 0x0000000100000000)
  eden space 210432K, 5% used [0x00000000d5580000,0x00000000d6154bc8,0x00000000e2300000)
  from space 20992K, 0% used [0x00000000e3980000,0x00000000e3980000,0x00000000e4e00000)
  to   space 23040K, 0% used [0x00000000e2300000,0x00000000e2300000,0x00000000e3980000)
 ParOldGen       total 120320K, used 32677K [0x0000000080000000, 0x0000000087580000, 0x00000000d5580000)
  object space 120320K, 27% used [0x0000000080000000,0x0000000081fe95b8,0x0000000087580000)
 Metaspace       used 57047K, capacity 59460K, committed 59544K, reserved 1099776K
  class space    used 7816K, capacity 8330K, committed 8368K, reserved 1048576K
GC Heap History (10 events):
Event: 24.282 GC heap before
{Heap before GC invocations=9 (full 2):
 PSYoungGen      total 135168K, used 11206K [0x00000000d5580000, 0x00000000e4000000, 0x0000000100000000)
  eden space 123392K, 0% used [0x00000000d5580000,0x00000000d5580000,0x00000000dce00000)
  from space 11776K, 95% used [0x00000000dce00000,0x00000000dd8f1a60,0x00000000dd980000)
  to   space 13312K, 0% used [0x00000000e3300000,0x00000000e3300000,0x00000000e4000000)
 ParOldGen       total 53760K, used 10789K [0x0000000080000000, 0x0000000083480000, 0x00000000d5580000)
  object space 53760K, 20% used [0x0000000080000000,0x0000000080a89708,0x0000000083480000)
 Metaspace       used 34284K, capacity 35388K, committed 35496K, reserved 1079296K
  class space    used 4709K, capacity 4981K, committed 5040K, reserved 1048576K
Event: 24.426 GC heap after
Heap after GC invocations=9 (full 2):
 PSYoungGen      total 135168K, used 0K [0x00000000d5580000, 0x00000000e4000000, 0x0000000100000000)
  eden space 123392K, 0% used [0x00000000d5580000,0x00000000d5580000,0x00000000dce00000)
  from space 11776K, 0% used [0x00000000dce00000,0x00000000dce00000,0x00000000dd980000)
  to   space 13312K, 0% used [0x00000000e3300000,0x00000000e3300000,0x00000000e4000000)
 ParOldGen       total 81408K, used 17415K [0x0000000080000000, 0x0000000084f80000, 0x00000000d5580000)
  object space 81408K, 21% used [0x0000000080000000,0x0000000081101f20,0x0000000084f80000)
 Metaspace       used 34284K, capacity 35388K, committed 35496K, reserved 1079296K
  class space    used 4709K, capacity 4981K, committed 5040K, reserved 1048576K
}
Event: 26.163 GC heap before
{Heap before GC invocations=10 (full 2):
 PSYoungGen      total 135168K, used 123392K [0x00000000d5580000, 0x00000000e4000000, 0x0000000100000000)
  eden space 123392K, 100% used [0x00000000d5580000,0x00000000dce00000,0x00000000dce00000)
  from space 11776K, 0% used [0x00000000dce00000,0x00000000dce00000,0x00000000dd980000)
  to   space 13312K, 0% used [0x00000000e3300000,0x00000000e3300000,0x00000000e4000000)
 ParOldGen       total 81408K, used 17415K [0x0000000080000000, 0x0000000084f80000, 0x00000000d5580000)
  object space 81408K, 21% used [0x0000000080000000,0x0000000081101f20,0x0000000084f80000)
 Metaspace       used 39648K, capacity 41412K, committed 41512K, reserved 1085440K
  class space    used 5461K, capacity 5850K, committed 5936K, reserved 1048576K
Event: 26.183 GC heap after
Heap after GC invocations=10 (full 2):
 PSYoungGen      total 182272K, used 10051K [0x00000000d5580000, 0x00000000e3d00000, 0x0000000100000000)
  eden space 172032K, 0% used [0x00000000d5580000,0x00000000d5580000,0x00000000dfd80000)
  from space 10240K, 98% used [0x00000000e3300000,0x00000000e3cd0fe0,0x00000000e3d00000)
  to   space 13824K, 0% used [0x00000000e2200000,0x00000000e2200000,0x00000000e2f80000)
 ParOldGen       total 81408K, used 17423K [0x0000000080000000, 0x0000000084f80000, 0x00000000d5580000)
  object space 81408K, 21% used [0x0000000080000000,0x0000000081103f20,0x0000000084f80000)
 Metaspace       used 39648K, capacity 41412K, committed 41512K, reserved 1085440K
  class space    used 5461K, capacity 5850K, committed 5936K, reserved 1048576K
}
Event: 29.842 GC heap before
{Heap before GC invocations=11 (full 2):
 PSYoungGen      total 182272K, used 182083K [0x00000000d5580000, 0x00000000e3d00000, 0x0000000100000000)
  eden space 172032K, 100% used [0x00000000d5580000,0x00000000dfd80000,0x00000000dfd80000)
  from space 10240K, 98% used [0x00000000e3300000,0x00000000e3cd0fe0,0x00000000e3d00000)
  to   space 13824K, 0% used [0x00000000e2200000,0x00000000e2200000,0x00000000e2f80000)
 ParOldGen       total 81408K, used 17423K [0x0000000080000000, 0x0000000084f80000, 0x00000000d5580000)
  object space 81408K, 21% used [0x0000000080000000,0x0000000081103f20,0x0000000084f80000)
 Metaspace       used 55338K, capacity 57476K, committed 57640K, reserved 1099776K
  class space    used 7523K, capacity 7953K, committed 7984K, reserved 1048576K
Event: 29.894 GC heap after
Heap after GC invocations=11 (full 2):
 PSYoungGen      total 223232K, used 13804K [0x00000000d5580000, 0x00000000e4e00000, 0x0000000100000000)
  eden space 209408K, 0% used [0x00000000d5580000,0x00000000d5580000,0x00000000e2200000)
  from space 13824K, 99% used [0x00000000e2200000,0x00000000e2f7b310,0x00000000e2f80000)
  to   space 20992K, 0% used [0x00000000e3980000,0x00000000e3980000,0x00000000e4e00000)
 ParOldGen       total 81408K, used 30718K [0x0000000080000000, 0x0000000084f80000, 0x00000000d5580000)
  object space 81408K, 37% used [0x0000000080000000,0x0000000081dff8c0,0x0000000084f80000)
 Metaspace       used 55338K, capacity 57476K, committed 57640K, reserved 1099776K
  class space    used 7523K, capacity 7953K, committed 7984K, reserved 1048576K
}
Event: 30.764 GC heap before
{Heap before GC invocations=12 (full 2):
 PSYoungGen      total 223232K, used 57873K [0x00000000d5580000, 0x00000000e4e00000, 0x0000000100000000)
  eden space 209408K, 21% used [0x00000000d5580000,0x00000000d8089138,0x00000000e2200000)
  from space 13824K, 99% used [0x00000000e2200000,0x00000000e2f7b310,0x00000000e2f80000)
  to   space 20992K, 0% used [0x00000000e3980000,0x00000000e3980000,0x00000000e4e00000)
 ParOldGen       total 81408K, used 30718K [0x0000000080000000, 0x0000000084f80000, 0x00000000d5580000)
  object space 81408K, 37% used [0x0000000080000000,0x0000000081dff8c0,0x0000000084f80000)
 Metaspace       used 56785K, capacity 59114K, committed 59160K, reserved 1099776K
  class space    used 7763K, capacity 8235K, committed 8240K, reserved 1048576K
Event: 30.822 GC heap after
Heap after GC invocations=12 (full 2):
 PSYoungGen      total 231424K, used 17756K [0x00000000d5580000, 0x00000000e9000000, 0x0000000100000000)
  eden space 210432K, 0% used [0x00000000d5580000,0x00000000d5580000,0x00000000e2300000)
  from space 20992K, 84% used [0x00000000e3980000,0x00000000e4ad7320,0x00000000e4e00000)
  to   space 23040K, 0% used [0x00000000e2300000,0x00000000e2300000,0x00000000e3980000)
 ParOldGen       total 81408K, used 30726K [0x0000000080000000, 0x0000000084f80000, 0x00000000d5580000)
  object space 81408K, 37% used [0x0000000080000000,0x0000000081e018c0,0x0000000084f80000)
 Metaspace       used 56785K, capacity 59114K, committed 59160K, reserved 1099776K
  class space    used 7763K, capacity 8235K, committed 8240K, reserved 1048576K
}
Event: 30.822 GC heap before
{Heap before GC invocations=13 (full 3):
 PSYoungGen      total 231424K, used 17756K [0x00000000d5580000, 0x00000000e9000000, 0x0000000100000000)
  eden space 210432K, 0% used [0x00000000d5580000,0x00000000d5580000,0x00000000e2300000)
  from space 20992K, 84% used [0x00000000e3980000,0x00000000e4ad7320,0x00000000e4e00000)
  to   space 23040K, 0% used [0x00000000e2300000,0x00000000e2300000,0x00000000e3980000)
 ParOldGen       total 81408K, used 30726K [0x0000000080000000, 0x0000000084f80000, 0x00000000d5580000)
  object space 81408K, 37% used [0x0000000080000000,0x0000000081e018c0,0x0000000084f80000)
 Metaspace       used 56785K, capacity 59114K, committed 59160K, reserved 1099776K
  class space    used 7763K, capacity 8235K, committed 8240K, reserved 1048576K
Event: 31.166 GC heap after
Heap after GC invocations=13 (full 3):
 PSYoungGen      total 231424K, used 0K [0x00000000d5580000, 0x00000000e9000000, 0x0000000100000000)
  eden space 210432K, 0% used [0x00000000d5580000,0x00000000d5580000,0x00000000e2300000)
  from space 20992K, 0% used [0x00000000e3980000,0x00000000e3980000,0x00000000e4e00000)
  to   space 23040K, 0% used [0x00000000e2300000,0x00000000e2300000,0x00000000e3980000)
 ParOldGen       total 120320K, used 32677K [0x0000000080000000, 0x0000000087580000, 0x00000000d5580000)
  object space 120320K, 27% used [0x0000000080000000,0x0000000081fe95b8,0x0000000087580000)
 Metaspace       used 56778K, capacity 59090K, committed 59160K, reserved 1099776K
  class space    used 7760K, capacity 8231K, committed 8240K, reserved 1048576K
}

