# JRE version: OpenJDK Runtime Environment (8.0_242) (build 1.8.0_242-release-1644-b3-6222593)
# Java VM: OpenJDK 64-Bit Server VM (25.242-b3-6222593 mixed mode linux-amd64 compressed oops)
Heap:
 PSYoungGen      total 540672K, used 95274K [0x00000000d5580000, 0x0000000100000000, 0x0000000100000000)
  eden space 476672K, 6% used [0x00000000d5580000,0x00000000d740b598,0x00000000f2700000)
  from space 64000K, 99% used [0x00000000fc180000,0x00000000fffff540,0x0000000100000000)
  to   space 111104K, 0% used [0x00000000f2700000,0x00000000f2700000,0x00000000f9380000)
 ParOldGen       total 205312K, used 149037K [0x0000000080000000, 0x000000008c880000, 0x00000000d5580000)
  object space 205312K, 72% used [0x0000000080000000,0x000000008918b638,0x000000008c880000)
 Metaspace       used 107804K, capacity 115164K, committed 115224K, reserved 1148928K
  class space    used 14044K, capacity 15362K, committed 15408K, reserved 1048576K
GC Heap History (10 events):
Event: 3132.952 GC heap before
{Heap before GC invocations=22 (full 4):
 PSYoungGen      total 636416K, used 636165K [0x00000000d5580000, 0x0000000100000000, 0x0000000100000000)
  eden space 591360K, 100% used [0x00000000d5580000,0x00000000f9700000,0x00000000f9700000)
  from space 45056K, 99% used [0x00000000f9700000,0x00000000fc2c1440,0x00000000fc300000)
  to   space 59392K, 0% used [0x00000000fc600000,0x00000000fc600000,0x0000000100000000)
 ParOldGen       total 205312K, used 59221K [0x0000000080000000, 0x000000008c880000, 0x00000000d5580000)
  object space 205312K, 28% used [0x0000000080000000,0x00000000839d57c0,0x000000008c880000)
 Metaspace       used 106436K, capacity 113512K, committed 113560K, reserved 1146880K
  class space    used 13980K, capacity 15278K, committed 15280K, reserved 1048576K
Event: 3132.999 GC heap after
Heap after GC invocations=22 (full 4):
 PSYoungGen      total 636416K, used 37304K [0x00000000d5580000, 0x0000000100000000, 0x0000000100000000)
  eden space 577024K, 0% used [0x00000000d5580000,0x00000000d5580000,0x00000000f8900000)
  from space 59392K, 62% used [0x00000000fc600000,0x00000000fea6e0d8,0x0000000100000000)
  to   space 60928K, 0% used [0x00000000f8900000,0x00000000f8900000,0x00000000fc480000)
 ParOldGen       total 205312K, used 59229K [0x0000000080000000, 0x000000008c880000, 0x00000000d5580000)
  object space 205312K, 28% used [0x0000000080000000,0x00000000839d77c0,0x000000008c880000)
 Metaspace       used 106436K, capacity 113512K, committed 113560K, reserved 1146880K
  class space    used 13980K, capacity 15278K, committed 15280K, reserved 1048576K
}
Event: 3382.728 GC heap before
{Heap before GC invocations=23 (full 4):
 PSYoungGen      total 636416K, used 614328K [0x00000000d5580000, 0x0000000100000000, 0x0000000100000000)
  eden space 577024K, 100% used [0x00000000d5580000,0x00000000f8900000,0x00000000f8900000)
  from space 59392K, 62% used [0x00000000fc600000,0x00000000fea6e0d8,0x0000000100000000)
  to   space 60928K, 0% used [0x00000000f8900000,0x00000000f8900000,0x00000000fc480000)
 ParOldGen       total 205312K, used 59229K [0x0000000080000000, 0x000000008c880000, 0x00000000d5580000)
  object space 205312K, 28% used [0x0000000080000000,0x00000000839d77c0,0x000000008c880000)
 Metaspace       used 106725K, capacity 113806K, committed 114200K, reserved 1148928K
  class space    used 13983K, capacity 15281K, committed 15408K, reserved 1048576K
Event: 3382.807 GC heap after
Heap after GC invocations=23 (full 4):
 PSYoungGen      total 620544K, used 43271K [0x00000000d5580000, 0x0000000100000000, 0x0000000100000000)
  eden space 577024K, 0% used [0x00000000d5580000,0x00000000d5580000,0x00000000f8900000)
  from space 43520K, 99% used [0x00000000f8900000,0x00000000fb341ef0,0x00000000fb380000)
  to   space 64000K, 0% used [0x00000000fc180000,0x00000000fc180000,0x0000000100000000)
 ParOldGen       total 205312K, used 59237K [0x0000000080000000, 0x000000008c880000, 0x00000000d5580000)
  object space 205312K, 28% used [0x0000000080000000,0x00000000839d97c0,0x000000008c880000)
 Metaspace       used 106725K, capacity 113806K, committed 114200K, reserved 1148928K
  class space    used 13983K, capacity 15281K, committed 15408K, reserved 1048576K
}
Event: 3395.009 GC heap before
{Heap before GC invocations=24 (full 4):
 PSYoungGen      total 620544K, used 620295K [0x00000000d5580000, 0x0000000100000000, 0x0000000100000000)
  eden space 577024K, 100% used [0x00000000d5580000,0x00000000f8900000,0x00000000f8900000)
  from space 43520K, 99% used [0x00000000f8900000,0x00000000fb341ef0,0x00000000fb380000)
  to   space 64000K, 0% used [0x00000000fc180000,0x00000000fc180000,0x0000000100000000)
 ParOldGen       total 205312K, used 59237K [0x0000000080000000, 0x000000008c880000, 0x00000000d5580000)
  object space 205312K, 28% used [0x0000000080000000,0x00000000839d97c0,0x000000008c880000)
 Metaspace       used 107204K, capacity 114436K, committed 114712K, reserved 1148928K
  class space    used 14021K, capacity 15320K, committed 15408K, reserved 1048576K
Event: 3395.064 GC heap after
Heap after GC invocations=24 (full 4):
 PSYoungGen      total 637440K, used 30786K [0x00000000d5580000, 0x0000000100000000, 0x0000000100000000)
  eden space 573440K, 0% used [0x00000000d5580000,0x00000000d5580000,0x00000000f8580000)
  from space 64000K, 48% used [0x00000000fc180000,0x00000000fdf90a88,0x0000000100000000)
  to   space 61440K, 0% used [0x00000000f8580000,0x00000000f8580000,0x00000000fc180000)
 ParOldGen       total 205312K, used 59245K [0x0000000080000000, 0x000000008c880000, 0x00000000d5580000)
  object space 205312K, 28% used [0x0000000080000000,0x00000000839db7c0,0x000000008c880000)
 Metaspace       used 107204K, capacity 114436K, committed 114712K, reserved 1148928K
  class space    used 14021K, capacity 15320K, committed 15408K, reserved 1048576K
}
Event: 3670.083 GC heap before
{Heap before GC invocations=25 (full 4):
 PSYoungGen      total 637440K, used 604226K [0x00000000d5580000, 0x0000000100000000, 0x0000000100000000)
  eden space 573440K, 100% used [0x00000000d5580000,0x00000000f8580000,0x00000000f8580000)
  from space 64000K, 48% used [0x00000000fc180000,0x00000000fdf90a88,0x0000000100000000)
  to   space 61440K, 0% used [0x00000000f8580000,0x00000000f8580000,0x00000000fc180000)
 ParOldGen       total 205312K, used 59245K [0x0000000080000000, 0x000000008c880000, 0x00000000d5580000)
  object space 205312K, 28% used [0x0000000080000000,0x00000000839db7c0,0x000000008c880000)
 Metaspace       used 107393K, capacity 114522K, committed 114712K, reserved 1148928K
  class space    used 14023K, capacity 15323K, committed 15408K, reserved 1048576K
Event: 3670.178 GC heap after
Heap after GC invocations=25 (full 4):
 PSYoungGen      total 634880K, used 61425K [0x00000000d5580000, 0x0000000100000000, 0x0000000100000000)
  eden space 573440K, 0% used [0x00000000d5580000,0x00000000d5580000,0x00000000f8580000)
  from space 61440K, 99% used [0x00000000f8580000,0x00000000fc17c4e8,0x00000000fc180000)
  to   space 64000K, 0% used [0x00000000fc180000,0x00000000fc180000,0x0000000100000000)
 ParOldGen       total 205312K, used 78192K [0x0000000080000000, 0x000000008c880000, 0x00000000d5580000)
  object space 205312K, 38% used [0x0000000080000000,0x0000000084c5c1a8,0x000000008c880000)
 Metaspace       used 107393K, capacity 114522K, committed 114712K, reserved 1148928K
  class space    used 14023K, capacity 15323K, committed 15408K, reserved 1048576K
}
Event: 3747.571 GC heap before
{Heap before GC invocations=26 (full 4):
 PSYoungGen      total 634880K, used 634865K [0x00000000d5580000, 0x0000000100000000, 0x0000000100000000)
  eden space 573440K, 100% used [0x00000000d5580000,0x00000000f8580000,0x00000000f8580000)
  from space 61440K, 99% used [0x00000000f8580000,0x00000000fc17c4e8,0x00000000fc180000)
  to   space 64000K, 0% used [0x00000000fc180000,0x00000000fc180000,0x0000000100000000)
 ParOldGen       total 205312K, used 78192K [0x0000000080000000, 0x000000008c880000, 0x00000000d5580000)
  object space 205312K, 38% used [0x0000000080000000,0x0000000084c5c1a8,0x000000008c880000)
 Metaspace       used 107803K, capacity 115164K, committed 115224K, reserved 1148928K
  class space    used 14044K, capacity 15362K, committed 15408K, reserved 1048576K
Event: 3747.775 GC heap after
Heap after GC invocations=26 (full 4):
 PSYoungGen      total 540672K, used 63997K [0x00000000d5580000, 0x0000000100000000, 0x0000000100000000)
  eden space 476672K, 0% used [0x00000000d5580000,0x00000000d5580000,0x00000000f2700000)
  from space 64000K, 99% used [0x00000000fc180000,0x00000000fffff540,0x0000000100000000)
  to   space 111104K, 0% used [0x00000000f2700000,0x00000000f2700000,0x00000000f9380000)
 ParOldGen       total 205312K, used 149037K [0x0000000080000000, 0x000000008c880000, 0x00000000d5580000)
  object space 205312K, 72% used [0x0000000080000000,0x000000008918b638,0x000000008c880000)
 Metaspace       used 107803K, capacity 115164K, committed 115224K, reserved 1148928K
  class space    used 14044K, capacity 15362K, committed 15408K, reserved 1048576K
}

